[26-Mar-2018 16:39:48 UTC] PHP Fatal error:  Uncaught PDOException: SQLSTATE[HY000] [1045] Access denied for user 'lesleyamezcua'@'localhost' (using password: NO) in /home/ubuntu/workspace/Projects/index.php:7
Stack trace:
#0 /home/ubuntu/workspace/Projects/index.php(7): PDO->__construct('mysql:host=0.0....', 'lesleyamezcua', '')
#1 {main}
  thrown in /home/ubuntu/workspace/Projects/index.php on line 7
[26-Mar-2018 16:39:53 UTC] PHP Fatal error:  Uncaught PDOException: SQLSTATE[HY000] [1045] Access denied for user 'lesleyamezcua'@'localhost' (using password: NO) in /home/ubuntu/workspace/Projects/index.php:7
Stack trace:
#0 /home/ubuntu/workspace/Projects/index.php(7): PDO->__construct('mysql:host=0.0....', 'lesleyamezcua', '')
#1 {main}
  thrown in /home/ubuntu/workspace/Projects/index.php on line 7
[26-Mar-2018 16:42:17 UTC] PHP Notice:  Undefined variable: dbPort in /home/ubuntu/workspace/teamPro/index.php on line 6
[26-Mar-2018 16:42:17 UTC] PHP Fatal error:  Uncaught PDOException: SQLSTATE[HY000] [1045] Access denied for user 'lesleyamezcua'@'localhost' (using password: NO) in /home/ubuntu/workspace/teamPro/index.php:6
Stack trace:
#0 /home/ubuntu/workspace/teamPro/index.php(6): PDO->__construct('mysql:host=0.0....', 'lesleyamezcua', '')
#1 {main}
  thrown in /home/ubuntu/workspace/teamPro/index.php on line 6
[26-Mar-2018 16:42:19 UTC] PHP Notice:  Undefined variable: dbPort in /home/ubuntu/workspace/teamPro/index.php on line 6
[26-Mar-2018 16:42:19 UTC] PHP Fatal error:  Uncaught PDOException: SQLSTATE[HY000] [1045] Access denied for user 'lesleyamezcua'@'localhost' (using password: NO) in /home/ubuntu/workspace/teamPro/index.php:6
Stack trace:
#0 /home/ubuntu/workspace/teamPro/index.php(6): PDO->__construct('mysql:host=0.0....', 'lesleyamezcua', '')
#1 {main}
  thrown in /home/ubuntu/workspace/teamPro/index.php on line 6
[26-Mar-2018 16:43:12 UTC] PHP Notice:  Undefined variable: dbPort in /home/ubuntu/workspace/teamPro/index.php on line 6
[26-Mar-2018 16:43:12 UTC] PHP Fatal error:  Uncaught PDOException: SQLSTATE[HY000] [1045] Access denied for user 'lesleyamezcua'@'localhost' (using password: NO) in /home/ubuntu/workspace/teamPro/index.php:6
Stack trace:
#0 /home/ubuntu/workspace/teamPro/index.php(6): PDO->__construct('mysql:host=0.0....', 'lesleyamezcua', '')
#1 {main}
  thrown in /home/ubuntu/workspace/teamPro/index.php on line 6
[26-Mar-2018 16:43:15 UTC] PHP Notice:  Undefined variable: dbPort in /home/ubuntu/workspace/teamPro/index.php on line 6
[26-Mar-2018 16:43:15 UTC] PHP Fatal error:  Uncaught PDOException: SQLSTATE[HY000] [1045] Access denied for user 'lesleyamezcua'@'localhost' (using password: NO) in /home/ubuntu/workspace/teamPro/index.php:6
Stack trace:
#0 /home/ubuntu/workspace/teamPro/index.php(6): PDO->__construct('mysql:host=0.0....', 'lesleyamezcua', '')
#1 {main}
  thrown in /home/ubuntu/workspace/teamPro/index.php on line 6
[26-Mar-2018 16:43:29 UTC] PHP Notice:  Undefined variable: dbPort in /home/ubuntu/workspace/teamPro/index.php on line 6
[26-Mar-2018 16:43:29 UTC] PHP Fatal error:  Uncaught PDOException: SQLSTATE[HY000] [1045] Access denied for user 'lesleyamezcua'@'localhost' (using password: NO) in /home/ubuntu/workspace/teamPro/index.php:6
Stack trace:
#0 /home/ubuntu/workspace/teamPro/index.php(6): PDO->__construct('mysql:host=0.0....', 'lesleyamezcua', '')
#1 {main}
  thrown in /home/ubuntu/workspace/teamPro/index.php on line 6
[26-Mar-2018 16:43:35 UTC] PHP Notice:  Undefined variable: dbPort in /home/ubuntu/workspace/teamPro/index.php on line 6
[26-Mar-2018 16:43:35 UTC] PHP Fatal error:  Uncaught PDOException: SQLSTATE[HY000] [1045] Access denied for user 'lesleyamezcua'@'localhost' (using password: NO) in /home/ubuntu/workspace/teamPro/index.php:6
Stack trace:
#0 /home/ubuntu/workspace/teamPro/index.php(6): PDO->__construct('mysql:host=0.0....', 'lesleyamezcua', '')
#1 {main}
  thrown in /home/ubuntu/workspace/teamPro/index.php on line 6
[26-Mar-2018 16:43:44 UTC] PHP Notice:  Undefined variable: dbPort in /home/ubuntu/workspace/teamPro/index.php on line 6
[26-Mar-2018 16:43:44 UTC] PHP Fatal error:  Uncaught PDOException: SQLSTATE[HY000] [1045] Access denied for user 'lesleyamezcua'@'localhost' (using password: NO) in /home/ubuntu/workspace/teamPro/index.php:6
Stack trace:
#0 /home/ubuntu/workspace/teamPro/index.php(6): PDO->__construct('mysql:host=0.0....', 'lesleyamezcua', '')
#1 {main}
  thrown in /home/ubuntu/workspace/teamPro/index.php on line 6
[26-Mar-2018 16:43:44 UTC] PHP Notice:  Undefined variable: dbPort in /home/ubuntu/workspace/teamPro/index.php on line 6
[26-Mar-2018 16:43:44 UTC] PHP Fatal error:  Uncaught PDOException: SQLSTATE[HY000] [1045] Access denied for user 'lesleyamezcua'@'localhost' (using password: NO) in /home/ubuntu/workspace/teamPro/index.php:6
Stack trace:
#0 /home/ubuntu/workspace/teamPro/index.php(6): PDO->__construct('mysql:host=0.0....', 'lesleyamezcua', '')
#1 {main}
  thrown in /home/ubuntu/workspace/teamPro/index.php on line 6
[26-Mar-2018 16:43:45 UTC] PHP Notice:  Undefined variable: dbPort in /home/ubuntu/workspace/teamPro/index.php on line 6
[26-Mar-2018 16:43:45 UTC] PHP Fatal error:  Uncaught PDOException: SQLSTATE[HY000] [1045] Access denied for user 'lesleyamezcua'@'localhost' (using password: NO) in /home/ubuntu/workspace/teamPro/index.php:6
Stack trace:
#0 /home/ubuntu/workspace/teamPro/index.php(6): PDO->__construct('mysql:host=0.0....', 'lesleyamezcua', '')
#1 {main}
  thrown in /home/ubuntu/workspace/teamPro/index.php on line 6
[26-Mar-2018 16:43:45 UTC] PHP Notice:  Undefined variable: dbPort in /home/ubuntu/workspace/teamPro/index.php on line 6
[26-Mar-2018 16:43:45 UTC] PHP Fatal error:  Uncaught PDOException: SQLSTATE[HY000] [1045] Access denied for user 'lesleyamezcua'@'localhost' (using password: NO) in /home/ubuntu/workspace/teamPro/index.php:6
Stack trace:
#0 /home/ubuntu/workspace/teamPro/index.php(6): PDO->__construct('mysql:host=0.0....', 'lesleyamezcua', '')
#1 {main}
  thrown in /home/ubuntu/workspace/teamPro/index.php on line 6
[26-Mar-2018 16:43:46 UTC] PHP Notice:  Undefined variable: dbPort in /home/ubuntu/workspace/teamPro/index.php on line 6
[26-Mar-2018 16:43:46 UTC] PHP Fatal error:  Uncaught PDOException: SQLSTATE[HY000] [1045] Access denied for user 'lesleyamezcua'@'localhost' (using password: NO) in /home/ubuntu/workspace/teamPro/index.php:6
Stack trace:
#0 /home/ubuntu/workspace/teamPro/index.php(6): PDO->__construct('mysql:host=0.0....', 'lesleyamezcua', '')
#1 {main}
  thrown in /home/ubuntu/workspace/teamPro/index.php on line 6
[26-Mar-2018 16:43:46 UTC] PHP Notice:  Undefined variable: dbPort in /home/ubuntu/workspace/teamPro/index.php on line 6
[26-Mar-2018 16:43:46 UTC] PHP Fatal error:  Uncaught PDOException: SQLSTATE[HY000] [1045] Access denied for user 'lesleyamezcua'@'localhost' (using password: NO) in /home/ubuntu/workspace/teamPro/index.php:6
Stack trace:
#0 /home/ubuntu/workspace/teamPro/index.php(6): PDO->__construct('mysql:host=0.0....', 'lesleyamezcua', '')
#1 {main}
  thrown in /home/ubuntu/workspace/teamPro/index.php on line 6
[26-Mar-2018 16:44:26 UTC] PHP Notice:  Undefined variable: dbPort in /home/ubuntu/workspace/teamPro/index.php on line 6
[26-Mar-2018 16:44:26 UTC] PHP Fatal error:  Uncaught PDOException: SQLSTATE[HY000] [1045] Access denied for user 'lesleyamezcua'@'localhost' (using password: NO) in /home/ubuntu/workspace/teamPro/index.php:6
Stack trace:
#0 /home/ubuntu/workspace/teamPro/index.php(6): PDO->__construct('mysql:host=0.0....', 'lesleyamezcua', '')
#1 {main}
  thrown in /home/ubuntu/workspace/teamPro/index.php on line 6
[26-Mar-2018 16:45:57 UTC] PHP Notice:  Undefined variable: dbPort in /home/ubuntu/workspace/teamPro/index.php on line 6
[26-Mar-2018 16:45:57 UTC] PHP Fatal error:  Uncaught PDOException: SQLSTATE[HY000] [1045] Access denied for user 'lesleyamezcua'@'localhost' (using password: NO) in /home/ubuntu/workspace/teamPro/index.php:6
Stack trace:
#0 /home/ubuntu/workspace/teamPro/index.php(6): PDO->__construct('mysql:host=0.0....', 'lesleyamezcua', '')
#1 {main}
  thrown in /home/ubuntu/workspace/teamPro/index.php on line 6
[26-Mar-2018 17:44:42 UTC] PHP Notice:  Undefined index: show in /home/ubuntu/workspace/teamPro/index.php on line 67
[26-Mar-2018 17:44:42 UTC] PHP Fatal error:  Uncaught PDOException: SQLSTATE[42S02]: Base table or view not found: 1146 Table 'rtt8eikccb51c8d3.rtt8eikccb51c8d3' doesn't exist in /home/ubuntu/workspace/teamPro/index.php:71
Stack trace:
#0 /home/ubuntu/workspace/teamPro/index.php(71): PDOStatement->execute()
#1 {main}
  thrown in /home/ubuntu/workspace/teamPro/index.php on line 71
[26-Mar-2018 17:44:44 UTC] PHP Notice:  Undefined index: show in /home/ubuntu/workspace/teamPro/index.php on line 67
[26-Mar-2018 17:44:44 UTC] PHP Fatal error:  Uncaught PDOException: SQLSTATE[42S02]: Base table or view not found: 1146 Table 'rtt8eikccb51c8d3.rtt8eikccb51c8d3' doesn't exist in /home/ubuntu/workspace/teamPro/index.php:71
Stack trace:
#0 /home/ubuntu/workspace/teamPro/index.php(71): PDOStatement->execute()
#1 {main}
  thrown in /home/ubuntu/workspace/teamPro/index.php on line 71
[26-Mar-2018 17:44:45 UTC] PHP Notice:  Undefined index: show in /home/ubuntu/workspace/teamPro/index.php on line 67
[26-Mar-2018 17:44:45 UTC] PHP Fatal error:  Uncaught PDOException: SQLSTATE[42S02]: Base table or view not found: 1146 Table 'rtt8eikccb51c8d3.rtt8eikccb51c8d3' doesn't exist in /home/ubuntu/workspace/teamPro/index.php:71
Stack trace:
#0 /home/ubuntu/workspace/teamPro/index.php(71): PDOStatement->execute()
#1 {main}
  thrown in /home/ubuntu/workspace/teamPro/index.php on line 71
[26-Mar-2018 17:44:46 UTC] PHP Notice:  Undefined index: show in /home/ubuntu/workspace/teamPro/index.php on line 67
[26-Mar-2018 17:44:46 UTC] PHP Fatal error:  Uncaught PDOException: SQLSTATE[42S02]: Base table or view not found: 1146 Table 'rtt8eikccb51c8d3.rtt8eikccb51c8d3' doesn't exist in /home/ubuntu/workspace/teamPro/index.php:71
Stack trace:
#0 /home/ubuntu/workspace/teamPro/index.php(71): PDOStatement->execute()
#1 {main}
  thrown in /home/ubuntu/workspace/teamPro/index.php on line 71
[26-Mar-2018 17:44:46 UTC] PHP Notice:  Undefined index: show in /home/ubuntu/workspace/teamPro/index.php on line 67
[26-Mar-2018 17:44:47 UTC] PHP Fatal error:  Uncaught PDOException: SQLSTATE[42S02]: Base table or view not found: 1146 Table 'rtt8eikccb51c8d3.rtt8eikccb51c8d3' doesn't exist in /home/ubuntu/workspace/teamPro/index.php:71
Stack trace:
#0 /home/ubuntu/workspace/teamPro/index.php(71): PDOStatement->execute()
#1 {main}
  thrown in /home/ubuntu/workspace/teamPro/index.php on line 71
[26-Mar-2018 17:44:47 UTC] PHP Notice:  Undefined index: show in /home/ubuntu/workspace/teamPro/index.php on line 67
[26-Mar-2018 17:44:47 UTC] PHP Fatal error:  Uncaught PDOException: SQLSTATE[42S02]: Base table or view not found: 1146 Table 'rtt8eikccb51c8d3.rtt8eikccb51c8d3' doesn't exist in /home/ubuntu/workspace/teamPro/index.php:71
Stack trace:
#0 /home/ubuntu/workspace/teamPro/index.php(71): PDOStatement->execute()
#1 {main}
  thrown in /home/ubuntu/workspace/teamPro/index.php on line 71
[26-Mar-2018 17:44:48 UTC] PHP Notice:  Undefined index: show in /home/ubuntu/workspace/teamPro/index.php on line 67
[26-Mar-2018 17:44:48 UTC] PHP Fatal error:  Uncaught PDOException: SQLSTATE[42S02]: Base table or view not found: 1146 Table 'rtt8eikccb51c8d3.rtt8eikccb51c8d3' doesn't exist in /home/ubuntu/workspace/teamPro/index.php:71
Stack trace:
#0 /home/ubuntu/workspace/teamPro/index.php(71): PDOStatement->execute()
#1 {main}
  thrown in /home/ubuntu/workspace/teamPro/index.php on line 71
[26-Mar-2018 17:44:48 UTC] PHP Notice:  Undefined index: show in /home/ubuntu/workspace/teamPro/index.php on line 67
[26-Mar-2018 17:44:48 UTC] PHP Fatal error:  Uncaught PDOException: SQLSTATE[42S02]: Base table or view not found: 1146 Table 'rtt8eikccb51c8d3.rtt8eikccb51c8d3' doesn't exist in /home/ubuntu/workspace/teamPro/index.php:71
Stack trace:
#0 /home/ubuntu/workspace/teamPro/index.php(71): PDOStatement->execute()
#1 {main}
  thrown in /home/ubuntu/workspace/teamPro/index.php on line 71
[26-Mar-2018 18:25:14 UTC] PHP Parse error:  syntax error, unexpected '}', expecting end of file in /home/ubuntu/workspace/teamPro/index.php on line 98
[26-Mar-2018 18:25:18 UTC] PHP Parse error:  syntax error, unexpected '}', expecting end of file in /home/ubuntu/workspace/teamPro/index.php on line 98
[26-Mar-2018 18:25:20 UTC] PHP Parse error:  syntax error, unexpected '}', expecting end of file in /home/ubuntu/workspace/teamPro/index.php on line 98
[26-Mar-2018 18:26:17 UTC] PHP Parse error:  syntax error, unexpected '}' in /home/ubuntu/workspace/teamPro/index.php on line 112
[26-Mar-2018 18:26:18 UTC] PHP Parse error:  syntax error, unexpected '}' in /home/ubuntu/workspace/teamPro/index.php on line 112
[26-Mar-2018 18:26:24 UTC] PHP Parse error:  syntax error, unexpected '}' in /home/ubuntu/workspace/teamPro/index.php on line 112
[27-Mar-2018 22:27:02 UTC] PHP Notice:  Undefined index: show in /home/ubuntu/workspace/teamPro/index.php on line 105
[27-Mar-2018 22:27:02 UTC] PHP Notice:  Undefined index: sort in /home/ubuntu/workspace/teamPro/index.php on line 107
[27-Mar-2018 22:27:02 UTC] PHP Notice:  Undefined index: sort in /home/ubuntu/workspace/teamPro/index.php on line 111
[27-Mar-2018 22:27:18 UTC] PHP Notice:  Undefined index: show in /home/ubuntu/workspace/teamPro/index.php on line 105
[27-Mar-2018 22:27:18 UTC] PHP Notice:  Undefined index: sort in /home/ubuntu/workspace/teamPro/index.php on line 107
[27-Mar-2018 22:27:18 UTC] PHP Notice:  Undefined index: sort in /home/ubuntu/workspace/teamPro/index.php on line 111
[27-Mar-2018 22:27:18 UTC] PHP Notice:  Undefined index: sort in /home/ubuntu/workspace/teamPro/index.php on line 132
[27-Mar-2018 22:27:18 UTC] PHP Notice:  Undefined index: sort in /home/ubuntu/workspace/teamPro/index.php on line 136
[27-Mar-2018 22:27:23 UTC] PHP Notice:  Undefined index: show in /home/ubuntu/workspace/teamPro/index.php on line 105
[27-Mar-2018 22:27:23 UTC] PHP Notice:  Undefined index: sort in /home/ubuntu/workspace/teamPro/index.php on line 107
[27-Mar-2018 22:27:23 UTC] PHP Notice:  Undefined index: sort in /home/ubuntu/workspace/teamPro/index.php on line 111
[27-Mar-2018 22:27:23 UTC] PHP Notice:  Undefined index: sort in /home/ubuntu/workspace/teamPro/index.php on line 132
[27-Mar-2018 22:27:23 UTC] PHP Notice:  Undefined index: sort in /home/ubuntu/workspace/teamPro/index.php on line 136
[27-Mar-2018 22:27:27 UTC] PHP Notice:  Undefined index: show in /home/ubuntu/workspace/teamPro/index.php on line 105
[27-Mar-2018 22:27:27 UTC] PHP Notice:  Undefined index: sort in /home/ubuntu/workspace/teamPro/index.php on line 107
[27-Mar-2018 22:27:27 UTC] PHP Notice:  Undefined index: sort in /home/ubuntu/workspace/teamPro/index.php on line 111
[27-Mar-2018 22:27:27 UTC] PHP Notice:  Undefined index: sort in /home/ubuntu/workspace/teamPro/index.php on line 117
[27-Mar-2018 22:27:27 UTC] PHP Notice:  Undefined index: sort in /home/ubuntu/workspace/teamPro/index.php on line 121
[27-Mar-2018 22:27:33 UTC] PHP Notice:  Undefined index: show in /home/ubuntu/workspace/teamPro/index.php on line 105
[27-Mar-2018 22:27:41 UTC] PHP Notice:  Undefined index: show in /home/ubuntu/workspace/teamPro/index.php on line 105
[27-Mar-2018 22:28:08 UTC] PHP Notice:  Undefined variable: keywords in /home/ubuntu/workspace/teamPro/index.php on line 40
[27-Mar-2018 22:28:08 UTC] PHP Notice:  Undefined variable: keywords in /home/ubuntu/workspace/teamPro/index.php on line 41
[27-Mar-2018 22:28:08 UTC] PHP Notice:  Undefined variable: keywords in /home/ubuntu/workspace/teamPro/index.php on line 42
[27-Mar-2018 22:28:08 UTC] PHP Notice:  Undefined variable: keywords in /home/ubuntu/workspace/teamPro/index.php on line 43
[27-Mar-2018 22:28:08 UTC] PHP Notice:  Undefined index: show in /home/ubuntu/workspace/teamPro/index.php on line 105
[27-Mar-2018 22:28:08 UTC] PHP Notice:  Undefined index: sort in /home/ubuntu/workspace/teamPro/index.php on line 107
[27-Mar-2018 22:28:08 UTC] PHP Notice:  Undefined index: sort in /home/ubuntu/workspace/teamPro/index.php on line 111
[27-Mar-2018 22:28:15 UTC] PHP Notice:  Undefined variable: keywords in /home/ubuntu/workspace/teamPro/index.php on line 40
[27-Mar-2018 22:28:15 UTC] PHP Notice:  Undefined variable: keywords in /home/ubuntu/workspace/teamPro/index.php on line 41
[27-Mar-2018 22:28:15 UTC] PHP Notice:  Undefined variable: keywords in /home/ubuntu/workspace/teamPro/index.php on line 42
[27-Mar-2018 22:28:15 UTC] PHP Notice:  Undefined variable: keywords in /home/ubuntu/workspace/teamPro/index.php on line 43
[27-Mar-2018 22:28:15 UTC] PHP Notice:  Undefined index: show in /home/ubuntu/workspace/teamPro/index.php on line 105
[27-Mar-2018 22:28:15 UTC] PHP Notice:  Undefined index: sort in /home/ubuntu/workspace/teamPro/index.php on line 107
[27-Mar-2018 22:28:15 UTC] PHP Notice:  Undefined index: sort in /home/ubuntu/workspace/teamPro/index.php on line 111
[28-Mar-2018 15:09:53 UTC] PHP Parse error:  syntax error, unexpected '$dbPort' (T_VARIABLE) in /home/ubuntu/workspace/Midterm/program2.php on line 3
[28-Mar-2018 15:09:56 UTC] PHP Parse error:  syntax error, unexpected '$dbPort' (T_VARIABLE) in /home/ubuntu/workspace/Midterm/program2.php on line 3
[28-Mar-2018 15:18:24 UTC] PHP Parse error:  syntax error, unexpected '$dbPort' (T_VARIABLE) in /home/ubuntu/workspace/Midterm/program2.php on line 3
[28-Mar-2018 15:18:28 UTC] PHP Parse error:  syntax error, unexpected '$dbPort' (T_VARIABLE) in /home/ubuntu/workspace/Midterm/program2.php on line 3
[28-Mar-2018 15:18:29 UTC] PHP Parse error:  syntax error, unexpected '$dbPort' (T_VARIABLE) in /home/ubuntu/workspace/Midterm/program2.php on line 3
[28-Mar-2018 15:25:24 UTC] PHP Parse error:  syntax error, unexpected '}' in /home/ubuntu/workspace/Midterm/program2.php on line 25
[28-Mar-2018 15:25:26 UTC] PHP Parse error:  syntax error, unexpected '}' in /home/ubuntu/workspace/Midterm/program2.php on line 25
[28-Mar-2018 15:25:35 UTC] PHP Parse error:  syntax error, unexpected '}' in /home/ubuntu/workspace/Midterm/program2.php on line 25
[28-Mar-2018 15:25:37 UTC] PHP Parse error:  syntax error, unexpected '}' in /home/ubuntu/workspace/Midterm/program2.php on line 25
[28-Mar-2018 15:44:36 UTC] PHP Fatal error:  Uncaught PDOException: SQLSTATE[42000]: Syntax error or access violation: 1064 You have an error in your SQL syntax; check the manual that corresponds to your MySQL server version for the right syntax to use near '< 50 ORDER BY grade ASC' at line 1 in /home/ubuntu/workspace/Midterm/program2.php:32
Stack trace:
#0 /home/ubuntu/workspace/Midterm/program2.php(32): PDOStatement->execute()
#1 {main}
  thrown in /home/ubuntu/workspace/Midterm/program2.php on line 32
[28-Mar-2018 15:45:00 UTC] PHP Fatal error:  Uncaught PDOException: SQLSTATE[42000]: Syntax error or access violation: 1064 You have an error in your SQL syntax; check the manual that corresponds to your MySQL server version for the right syntax to use near '< 50 ORDER BY grade ASC' at line 1 in /home/ubuntu/workspace/Midterm/program2.php:32
Stack trace:
#0 /home/ubuntu/workspace/Midterm/program2.php(32): PDOStatement->execute()
#1 {main}
  thrown in /home/ubuntu/workspace/Midterm/program2.php on line 32
[28-Mar-2018 15:45:53 UTC] PHP Fatal error:  Uncaught PDOException: SQLSTATE[42000]: Syntax error or access violation: 1064 You have an error in your SQL syntax; check the manual that corresponds to your MySQL server version for the right syntax to use near '< 50 ORDER BY grade ASC' at line 1 in /home/ubuntu/workspace/Midterm/program2.php:32
Stack trace:
#0 /home/ubuntu/workspace/Midterm/program2.php(32): PDOStatement->execute()
#1 {main}
  thrown in /home/ubuntu/workspace/Midterm/program2.php on line 32
[28-Mar-2018 15:49:44 UTC] PHP Fatal error:  Uncaught PDOException: SQLSTATE[42000]: Syntax error or access violation: 1064 You have an error in your SQL syntax; check the manual that corresponds to your MySQL server version for the right syntax to use near '< 50 ORDER BY grade ASC' at line 1 in /home/ubuntu/workspace/Midterm/program2.php:32
Stack trace:
#0 /home/ubuntu/workspace/Midterm/program2.php(32): PDOStatement->execute()
#1 {main}
  thrown in /home/ubuntu/workspace/Midterm/program2.php on line 32
[28-Mar-2018 15:49:46 UTC] PHP Fatal error:  Uncaught PDOException: SQLSTATE[42000]: Syntax error or access violation: 1064 You have an error in your SQL syntax; check the manual that corresponds to your MySQL server version for the right syntax to use near '< 50 ORDER BY grade ASC' at line 1 in /home/ubuntu/workspace/Midterm/program2.php:32
Stack trace:
#0 /home/ubuntu/workspace/Midterm/program2.php(32): PDOStatement->execute()
#1 {main}
  thrown in /home/ubuntu/workspace/Midterm/program2.php on line 32
[28-Mar-2018 15:50:49 UTC] PHP Fatal error:  Uncaught PDOException: SQLSTATE[42000]: Syntax error or access violation: 1064 You have an error in your SQL syntax; check the manual that corresponds to your MySQL server version for the right syntax to use near '< 50 ORDER BY grade ASC' at line 1 in /home/ubuntu/workspace/Midterm/program2.php:33
Stack trace:
#0 /home/ubuntu/workspace/Midterm/program2.php(33): PDOStatement->execute()
#1 {main}
  thrown in /home/ubuntu/workspace/Midterm/program2.php on line 33
[28-Mar-2018 15:51:13 UTC] PHP Fatal error:  Uncaught PDOException: SQLSTATE[42000]: Syntax error or access violation: 1064 You have an error in your SQL syntax; check the manual that corresponds to your MySQL server version for the right syntax to use near '< 50 ORDER BY grade ASC' at line 1 in /home/ubuntu/workspace/Midterm/program2.php:33
Stack trace:
#0 /home/ubuntu/workspace/Midterm/program2.php(33): PDOStatement->execute()
#1 {main}
  thrown in /home/ubuntu/workspace/Midterm/program2.php on line 33
[28-Mar-2018 16:22:52 UTC] PHP Fatal error:  Uncaught PDOException: SQLSTATE[23000]: Integrity constraint violation: 1052 Column 'studentId' in field list is ambiguous in /home/ubuntu/workspace/Midterm/program2.php:83
Stack trace:
#0 /home/ubuntu/workspace/Midterm/program2.php(83): PDOStatement->execute()
#1 {main}
  thrown in /home/ubuntu/workspace/Midterm/program2.php on line 83
[28-Mar-2018 16:23:34 UTC] PHP Fatal error:  Uncaught PDOException: SQLSTATE[23000]: Integrity constraint violation: 1052 Column 'studentID' in field list is ambiguous in /home/ubuntu/workspace/Midterm/program2.php:83
Stack trace:
#0 /home/ubuntu/workspace/Midterm/program2.php(83): PDOStatement->execute()
#1 {main}
  thrown in /home/ubuntu/workspace/Midterm/program2.php on line 83
[28-Mar-2018 16:23:36 UTC] PHP Fatal error:  Uncaught PDOException: SQLSTATE[23000]: Integrity constraint violation: 1052 Column 'studentID' in field list is ambiguous in /home/ubuntu/workspace/Midterm/program2.php:83
Stack trace:
#0 /home/ubuntu/workspace/Midterm/program2.php(83): PDOStatement->execute()
#1 {main}
  thrown in /home/ubuntu/workspace/Midterm/program2.php on line 83
[28-Mar-2018 16:23:37 UTC] PHP Fatal error:  Uncaught PDOException: SQLSTATE[23000]: Integrity constraint violation: 1052 Column 'studentID' in field list is ambiguous in /home/ubuntu/workspace/Midterm/program2.php:83
Stack trace:
#0 /home/ubuntu/workspace/Midterm/program2.php(83): PDOStatement->execute()
#1 {main}
  thrown in /home/ubuntu/workspace/Midterm/program2.php on line 83
[28-Mar-2018 16:24:00 UTC] PHP Fatal error:  Uncaught PDOException: SQLSTATE[23000]: Integrity constraint violation: 1052 Column 'studentId' in field list is ambiguous in /home/ubuntu/workspace/Midterm/program2.php:83
Stack trace:
#0 /home/ubuntu/workspace/Midterm/program2.php(83): PDOStatement->execute()
#1 {main}
  thrown in /home/ubuntu/workspace/Midterm/program2.php on line 83
[28-Mar-2018 16:25:52 UTC] PHP Fatal error:  Uncaught PDOException: SQLSTATE[23000]: Integrity constraint violation: 1052 Column 'studentId' in field list is ambiguous in /home/ubuntu/workspace/Midterm/program2.php:83
Stack trace:
#0 /home/ubuntu/workspace/Midterm/program2.php(83): PDOStatement->execute()
#1 {main}
  thrown in /home/ubuntu/workspace/Midterm/program2.php on line 83
[28-Mar-2018 16:25:54 UTC] PHP Fatal error:  Uncaught PDOException: SQLSTATE[23000]: Integrity constraint violation: 1052 Column 'studentId' in field list is ambiguous in /home/ubuntu/workspace/Midterm/program2.php:83
Stack trace:
#0 /home/ubuntu/workspace/Midterm/program2.php(83): PDOStatement->execute()
#1 {main}
  thrown in /home/ubuntu/workspace/Midterm/program2.php on line 83
[28-Mar-2018 16:25:55 UTC] PHP Fatal error:  Uncaught PDOException: SQLSTATE[23000]: Integrity constraint violation: 1052 Column 'studentId' in field list is ambiguous in /home/ubuntu/workspace/Midterm/program2.php:83
Stack trace:
#0 /home/ubuntu/workspace/Midterm/program2.php(83): PDOStatement->execute()
#1 {main}
  thrown in /home/ubuntu/workspace/Midterm/program2.php on line 83
[28-Mar-2018 16:26:38 UTC] PHP Fatal error:  Uncaught PDOException: SQLSTATE[23000]: Integrity constraint violation: 1052 Column 'studentId' in field list is ambiguous in /home/ubuntu/workspace/Midterm/program2.php:83
Stack trace:
#0 /home/ubuntu/workspace/Midterm/program2.php(83): PDOStatement->execute()
#1 {main}
  thrown in /home/ubuntu/workspace/Midterm/program2.php on line 83
[28-Mar-2018 16:27:00 UTC] PHP Fatal error:  Uncaught PDOException: SQLSTATE[23000]: Integrity constraint violation: 1052 Column 'studentId' in field list is ambiguous in /home/ubuntu/workspace/Midterm/program2.php:83
Stack trace:
#0 /home/ubuntu/workspace/Midterm/program2.php(83): PDOStatement->execute()
#1 {main}
  thrown in /home/ubuntu/workspace/Midterm/program2.php on line 83
[28-Mar-2018 16:28:08 UTC] PHP Fatal error:  Uncaught PDOException: SQLSTATE[23000]: Integrity constraint violation: 1052 Column 'studentID' in field list is ambiguous in /home/ubuntu/workspace/Midterm/program2.php:82
Stack trace:
#0 /home/ubuntu/workspace/Midterm/program2.php(82): PDOStatement->execute()
#1 {main}
  thrown in /home/ubuntu/workspace/Midterm/program2.php on line 82
[28-Mar-2018 16:28:11 UTC] PHP Fatal error:  Uncaught PDOException: SQLSTATE[23000]: Integrity constraint violation: 1052 Column 'studentID' in field list is ambiguous in /home/ubuntu/workspace/Midterm/program2.php:82
Stack trace:
#0 /home/ubuntu/workspace/Midterm/program2.php(82): PDOStatement->execute()
#1 {main}
  thrown in /home/ubuntu/workspace/Midterm/program2.php on line 82
[28-Mar-2018 16:28:26 UTC] PHP Fatal error:  Uncaught PDOException: SQLSTATE[23000]: Integrity constraint violation: 1052 Column 'studentID' in field list is ambiguous in /home/ubuntu/workspace/Midterm/program2.php:82
Stack trace:
#0 /home/ubuntu/workspace/Midterm/program2.php(82): PDOStatement->execute()
#1 {main}
  thrown in /home/ubuntu/workspace/Midterm/program2.php on line 82
[28-Mar-2018 16:29:03 UTC] PHP Fatal error:  Uncaught PDOException: SQLSTATE[23000]: Integrity constraint violation: 1052 Column 'studentId' in field list is ambiguous in /home/ubuntu/workspace/Midterm/program2.php:82
Stack trace:
#0 /home/ubuntu/workspace/Midterm/program2.php(82): PDOStatement->execute()
#1 {main}
  thrown in /home/ubuntu/workspace/Midterm/program2.php on line 82
[28-Mar-2018 16:29:33 UTC] PHP Fatal error:  Uncaught PDOException: SQLSTATE[23000]: Integrity constraint violation: 1052 Column 'studentId' in field list is ambiguous in /home/ubuntu/workspace/Midterm/program2.php:82
Stack trace:
#0 /home/ubuntu/workspace/Midterm/program2.php(82): PDOStatement->execute()
#1 {main}
  thrown in /home/ubuntu/workspace/Midterm/program2.php on line 82
[28-Mar-2018 16:29:59 UTC] PHP Fatal error:  Uncaught PDOException: SQLSTATE[23000]: Integrity constraint violation: 1052 Column 'studentId' in field list is ambiguous in /home/ubuntu/workspace/Midterm/program2.php:82
Stack trace:
#0 /home/ubuntu/workspace/Midterm/program2.php(82): PDOStatement->execute()
#1 {main}
  thrown in /home/ubuntu/workspace/Midterm/program2.php on line 82
[28-Mar-2018 16:33:07 UTC] PHP Fatal error:  Uncaught PDOException: SQLSTATE[42S22]: Column not found: 1054 Unknown column 'm_students.studentId' in 'field list' in /home/ubuntu/workspace/Midterm/program2.php:82
Stack trace:
#0 /home/ubuntu/workspace/Midterm/program2.php(82): PDOStatement->execute()
#1 {main}
  thrown in /home/ubuntu/workspace/Midterm/program2.php on line 82
[28-Mar-2018 16:33:43 UTC] PHP Fatal error:  Uncaught PDOException: SQLSTATE[42S22]: Column not found: 1054 Unknown column 'm_students.studentId' in 'field list' in /home/ubuntu/workspace/Midterm/program2.php:82
Stack trace:
#0 /home/ubuntu/workspace/Midterm/program2.php(82): PDOStatement->execute()
#1 {main}
  thrown in /home/ubuntu/workspace/Midterm/program2.php on line 82
[28-Mar-2018 16:33:51 UTC] PHP Fatal error:  Uncaught PDOException: SQLSTATE[23000]: Integrity constraint violation: 1052 Column 'studentId' in field list is ambiguous in /home/ubuntu/workspace/Midterm/program2.php:82
Stack trace:
#0 /home/ubuntu/workspace/Midterm/program2.php(82): PDOStatement->execute()
#1 {main}
  thrown in /home/ubuntu/workspace/Midterm/program2.php on line 82
[28-Mar-2018 16:34:03 UTC] PHP Fatal error:  Uncaught PDOException: SQLSTATE[42000]: Syntax error or access violation: 1064 You have an error in your SQL syntax; check the manual that corresponds to your MySQL server version for the right syntax to use near 'OUTTER JOIN m_gradebook g ON s.studentId = g.studentId ORDER BY grade' at line 1 in /home/ubuntu/workspace/Midterm/program2.php:82
Stack trace:
#0 /home/ubuntu/workspace/Midterm/program2.php(82): PDOStatement->execute()
#1 {main}
  thrown in /home/ubuntu/workspace/Midterm/program2.php on line 82
[28-Mar-2018 16:35:29 UTC] PHP Notice:  Undefined index: grade in /home/ubuntu/workspace/Midterm/program2.php on line 100
[28-Mar-2018 16:37:54 UTC] PHP Notice:  Undefined index: grade in /home/ubuntu/workspace/Midterm/program2.php on line 100
[28-Mar-2018 16:37:56 UTC] PHP Notice:  Undefined index: grade in /home/ubuntu/workspace/Midterm/program2.php on line 100
[28-Mar-2018 16:42:08 UTC] PHP Fatal error:  Uncaught PDOException: SQLSTATE[42000]: Syntax error or access violation: 1064 You have an error in your SQL syntax; check the manual that corresponds to your MySQL server version for the right syntax to use near 'FROM  m_gradebook  ORDER BY dueDate ASC' at line 1 in /home/ubuntu/workspace/Midterm/program2.php:84
Stack trace:
#0 /home/ubuntu/workspace/Midterm/program2.php(84): PDOStatement->execute()
#1 {main}
  thrown in /home/ubuntu/workspace/Midterm/program2.php on line 84
[28-Mar-2018 16:42:54 UTC] PHP Fatal error:  Uncaught PDOException: SQLSTATE[42S22]: Column not found: 1054 Unknown column 'title' in 'field list' in /home/ubuntu/workspace/Midterm/program2.php:84
Stack trace:
#0 /home/ubuntu/workspace/Midterm/program2.php(84): PDOStatement->execute()
#1 {main}
  thrown in /home/ubuntu/workspace/Midterm/program2.php on line 84
[28-Mar-2018 16:42:56 UTC] PHP Fatal error:  Uncaught PDOException: SQLSTATE[42S22]: Column not found: 1054 Unknown column 'title' in 'field list' in /home/ubuntu/workspace/Midterm/program2.php:84
Stack trace:
#0 /home/ubuntu/workspace/Midterm/program2.php(84): PDOStatement->execute()
#1 {main}
  thrown in /home/ubuntu/workspace/Midterm/program2.php on line 84
[28-Mar-2018 16:46:33 UTC] PHP Fatal error:  Uncaught PDOException: SQLSTATE[23000]: Integrity constraint violation: 1052 Column 'assignmentID' in where clause is ambiguous in /home/ubuntu/workspace/Midterm/program2.php:84
Stack trace:
#0 /home/ubuntu/workspace/Midterm/program2.php(84): PDOStatement->execute()
#1 {main}
  thrown in /home/ubuntu/workspace/Midterm/program2.php on line 84
[28-Mar-2018 16:51:08 UTC] PHP Fatal error:  Uncaught PDOException: SQLSTATE[23000]: Integrity constraint violation: 1052 Column 'assignmentID' in where clause is ambiguous in /home/ubuntu/workspace/Midterm/program2.php:84
Stack trace:
#0 /home/ubuntu/workspace/Midterm/program2.php(84): PDOStatement->execute()
#1 {main}
  thrown in /home/ubuntu/workspace/Midterm/program2.php on line 84
