[19-Feb-2018 19:53:13 UTC] PHP Parse error:  syntax error, unexpected '{' in /home/ubuntu/workspace/Labs/Lab2/index.php on line 55
[21-Feb-2018 17:14:56 UTC] PHP Warning:  Illegal string offset 'hearts' in /home/ubuntu/workspace/Labs/Lab3/index.php on line 74
[21-Feb-2018 17:14:56 UTC] PHP Stack trace:
[21-Feb-2018 17:14:56 UTC] PHP   1. {main}() /home/ubuntu/workspace/Labs/Lab3/index.php:0
[21-Feb-2018 17:14:56 UTC] PHP   2. getHand() /home/ubuntu/workspace/Labs/Lab3/index.php:85
[21-Feb-2018 17:14:56 UTC] PHP Warning:  Illegal string offset 'clubs' in /home/ubuntu/workspace/Labs/Lab3/index.php on line 74
[21-Feb-2018 17:14:56 UTC] PHP Stack trace:
[21-Feb-2018 17:14:56 UTC] PHP   1. {main}() /home/ubuntu/workspace/Labs/Lab3/index.php:0
[21-Feb-2018 17:14:56 UTC] PHP   2. getHand() /home/ubuntu/workspace/Labs/Lab3/index.php:85
[21-Feb-2018 17:14:56 UTC] PHP Warning:  Illegal string offset 'spades' in /home/ubuntu/workspace/Labs/Lab3/index.php on line 74
[21-Feb-2018 17:14:56 UTC] PHP Stack trace:
[21-Feb-2018 17:14:56 UTC] PHP   1. {main}() /home/ubuntu/workspace/Labs/Lab3/index.php:0
[21-Feb-2018 17:14:56 UTC] PHP   2. getHand() /home/ubuntu/workspace/Labs/Lab3/index.php:85
[21-Feb-2018 17:14:56 UTC] PHP Warning:  Illegal string offset 'diamonds' in /home/ubuntu/workspace/Labs/Lab3/index.php on line 74
[21-Feb-2018 17:14:56 UTC] PHP Stack trace:
[21-Feb-2018 17:14:56 UTC] PHP   1. {main}() /home/ubuntu/workspace/Labs/Lab3/index.php:0
[21-Feb-2018 17:14:56 UTC] PHP   2. getHand() /home/ubuntu/workspace/Labs/Lab3/index.php:85
[21-Feb-2018 17:14:56 UTC] PHP Warning:  Illegal string offset 'clubs' in /home/ubuntu/workspace/Labs/Lab3/index.php on line 74
[21-Feb-2018 17:14:56 UTC] PHP Stack trace:
[21-Feb-2018 17:14:56 UTC] PHP   1. {main}() /home/ubuntu/workspace/Labs/Lab3/index.php:0
[21-Feb-2018 17:14:56 UTC] PHP   2. getHand() /home/ubuntu/workspace/Labs/Lab3/index.php:86
[21-Feb-2018 17:14:56 UTC] PHP Warning:  Illegal string offset 'clubs' in /home/ubuntu/workspace/Labs/Lab3/index.php on line 74
[21-Feb-2018 17:14:56 UTC] PHP Stack trace:
[21-Feb-2018 17:14:56 UTC] PHP   1. {main}() /home/ubuntu/workspace/Labs/Lab3/index.php:0
[21-Feb-2018 17:14:56 UTC] PHP   2. getHand() /home/ubuntu/workspace/Labs/Lab3/index.php:86
[21-Feb-2018 17:14:56 UTC] PHP Warning:  Illegal string offset 'clubs' in /home/ubuntu/workspace/Labs/Lab3/index.php on line 74
[21-Feb-2018 17:14:56 UTC] PHP Stack trace:
[21-Feb-2018 17:14:56 UTC] PHP   1. {main}() /home/ubuntu/workspace/Labs/Lab3/index.php:0
[21-Feb-2018 17:14:56 UTC] PHP   2. getHand() /home/ubuntu/workspace/Labs/Lab3/index.php:86
[21-Feb-2018 17:14:56 UTC] PHP Warning:  Illegal string offset 'hearts' in /home/ubuntu/workspace/Labs/Lab3/index.php on line 74
[21-Feb-2018 17:14:56 UTC] PHP Stack trace:
[21-Feb-2018 17:14:56 UTC] PHP   1. {main}() /home/ubuntu/workspace/Labs/Lab3/index.php:0
[21-Feb-2018 17:14:56 UTC] PHP   2. getHand() /home/ubuntu/workspace/Labs/Lab3/index.php:86
[21-Feb-2018 17:14:56 UTC] PHP Warning:  Illegal string offset 'clubs' in /home/ubuntu/workspace/Labs/Lab3/index.php on line 74
[21-Feb-2018 17:14:56 UTC] PHP Stack trace:
[21-Feb-2018 17:14:56 UTC] PHP   1. {main}() /home/ubuntu/workspace/Labs/Lab3/index.php:0
[21-Feb-2018 17:14:56 UTC] PHP   2. getHand() /home/ubuntu/workspace/Labs/Lab3/index.php:86
[21-Feb-2018 17:14:56 UTC] PHP Warning:  Illegal string offset 'spades' in /home/ubuntu/workspace/Labs/Lab3/index.php on line 74
[21-Feb-2018 17:14:56 UTC] PHP Stack trace:
[21-Feb-2018 17:14:56 UTC] PHP   1. {main}() /home/ubuntu/workspace/Labs/Lab3/index.php:0
[21-Feb-2018 17:14:56 UTC] PHP   2. getHand() /home/ubuntu/workspace/Labs/Lab3/index.php:86
[21-Feb-2018 17:14:56 UTC] PHP Warning:  Illegal string offset 'spades' in /home/ubuntu/workspace/Labs/Lab3/index.php on line 74
[21-Feb-2018 17:14:56 UTC] PHP Stack trace:
[21-Feb-2018 17:14:56 UTC] PHP   1. {main}() /home/ubuntu/workspace/Labs/Lab3/index.php:0
[21-Feb-2018 17:14:56 UTC] PHP   2. getHand() /home/ubuntu/workspace/Labs/Lab3/index.php:86
[21-Feb-2018 17:14:56 UTC] PHP Warning:  Illegal string offset 'hearts' in /home/ubuntu/workspace/Labs/Lab3/index.php on line 74
[21-Feb-2018 17:14:56 UTC] PHP Stack trace:
[21-Feb-2018 17:14:56 UTC] PHP   1. {main}() /home/ubuntu/workspace/Labs/Lab3/index.php:0
[21-Feb-2018 17:14:56 UTC] PHP   2. getHand() /home/ubuntu/workspace/Labs/Lab3/index.php:86
[21-Feb-2018 17:14:56 UTC] PHP Warning:  Illegal string offset 'hearts' in /home/ubuntu/workspace/Labs/Lab3/index.php on line 74
[21-Feb-2018 17:14:56 UTC] PHP Stack trace:
[21-Feb-2018 17:14:56 UTC] PHP   1. {main}() /home/ubuntu/workspace/Labs/Lab3/index.php:0
[21-Feb-2018 17:14:56 UTC] PHP   2. getHand() /home/ubuntu/workspace/Labs/Lab3/index.php:86
[21-Feb-2018 17:14:56 UTC] PHP Warning:  Illegal string offset 'diamonds' in /home/ubuntu/workspace/Labs/Lab3/index.php on line 74
[21-Feb-2018 17:14:56 UTC] PHP Stack trace:
[21-Feb-2018 17:14:56 UTC] PHP   1. {main}() /home/ubuntu/workspace/Labs/Lab3/index.php:0
[21-Feb-2018 17:14:56 UTC] PHP   2. getHand() /home/ubuntu/workspace/Labs/Lab3/index.php:86
[26-Feb-2018 00:55:36 UTC] PHP Warning:  Illegal offset type in /home/ubuntu/workspace/Labs/Lab3/index.php on line 69
[26-Feb-2018 00:55:36 UTC] PHP Stack trace:
[26-Feb-2018 00:55:36 UTC] PHP   1. {main}() /home/ubuntu/workspace/Labs/Lab3/index.php:0
[26-Feb-2018 00:55:36 UTC] PHP   2. getHand() /home/ubuntu/workspace/Labs/Lab3/index.php:81
[26-Feb-2018 00:55:36 UTC] PHP Warning:  Illegal offset type in /home/ubuntu/workspace/Labs/Lab3/index.php on line 69
[26-Feb-2018 00:55:36 UTC] PHP Stack trace:
[26-Feb-2018 00:55:36 UTC] PHP   1. {main}() /home/ubuntu/workspace/Labs/Lab3/index.php:0
[26-Feb-2018 00:55:36 UTC] PHP   2. getHand() /home/ubuntu/workspace/Labs/Lab3/index.php:81
[26-Feb-2018 00:55:36 UTC] PHP Warning:  Illegal offset type in /home/ubuntu/workspace/Labs/Lab3/index.php on line 69
[26-Feb-2018 00:55:36 UTC] PHP Stack trace:
[26-Feb-2018 00:55:36 UTC] PHP   1. {main}() /home/ubuntu/workspace/Labs/Lab3/index.php:0
[26-Feb-2018 00:55:36 UTC] PHP   2. getHand() /home/ubuntu/workspace/Labs/Lab3/index.php:81
[26-Feb-2018 00:55:36 UTC] PHP Warning:  Illegal offset type in /home/ubuntu/workspace/Labs/Lab3/index.php on line 69
[26-Feb-2018 00:55:36 UTC] PHP Stack trace:
[26-Feb-2018 00:55:36 UTC] PHP   1. {main}() /home/ubuntu/workspace/Labs/Lab3/index.php:0
[26-Feb-2018 00:55:36 UTC] PHP   2. getHand() /home/ubuntu/workspace/Labs/Lab3/index.php:81
[26-Feb-2018 00:55:36 UTC] PHP Warning:  Illegal offset type in /home/ubuntu/workspace/Labs/Lab3/index.php on line 69
[26-Feb-2018 00:55:36 UTC] PHP Stack trace:
[26-Feb-2018 00:55:36 UTC] PHP   1. {main}() /home/ubuntu/workspace/Labs/Lab3/index.php:0
[26-Feb-2018 00:55:36 UTC] PHP   2. getHand() /home/ubuntu/workspace/Labs/Lab3/index.php:81
[26-Feb-2018 00:55:36 UTC] PHP Warning:  Illegal offset type in /home/ubuntu/workspace/Labs/Lab3/index.php on line 69
[26-Feb-2018 00:55:36 UTC] PHP Stack trace:
[26-Feb-2018 00:55:36 UTC] PHP   1. {main}() /home/ubuntu/workspace/Labs/Lab3/index.php:0
[26-Feb-2018 00:55:36 UTC] PHP   2. getHand() /home/ubuntu/workspace/Labs/Lab3/index.php:82
[26-Feb-2018 00:55:36 UTC] PHP Warning:  Illegal offset type in /home/ubuntu/workspace/Labs/Lab3/index.php on line 69
[26-Feb-2018 00:55:36 UTC] PHP Stack trace:
[26-Feb-2018 00:55:36 UTC] PHP   1. {main}() /home/ubuntu/workspace/Labs/Lab3/index.php:0
[26-Feb-2018 00:55:36 UTC] PHP   2. getHand() /home/ubuntu/workspace/Labs/Lab3/index.php:82
[26-Feb-2018 00:55:36 UTC] PHP Warning:  Illegal offset type in /home/ubuntu/workspace/Labs/Lab3/index.php on line 69
[26-Feb-2018 00:55:36 UTC] PHP Stack trace:
[26-Feb-2018 00:55:36 UTC] PHP   1. {main}() /home/ubuntu/workspace/Labs/Lab3/index.php:0
[26-Feb-2018 00:55:36 UTC] PHP   2. getHand() /home/ubuntu/workspace/Labs/Lab3/index.php:82
[26-Feb-2018 00:55:36 UTC] PHP Warning:  Illegal offset type in /home/ubuntu/workspace/Labs/Lab3/index.php on line 69
[26-Feb-2018 00:55:36 UTC] PHP Stack trace:
[26-Feb-2018 00:55:36 UTC] PHP   1. {main}() /home/ubuntu/workspace/Labs/Lab3/index.php:0
[26-Feb-2018 00:55:36 UTC] PHP   2. getHand() /home/ubuntu/workspace/Labs/Lab3/index.php:82
[26-Feb-2018 00:55:36 UTC] PHP Warning:  Illegal offset type in /home/ubuntu/workspace/Labs/Lab3/index.php on line 69
[26-Feb-2018 00:55:36 UTC] PHP Stack trace:
[26-Feb-2018 00:55:36 UTC] PHP   1. {main}() /home/ubuntu/workspace/Labs/Lab3/index.php:0
[26-Feb-2018 00:55:36 UTC] PHP   2. getHand() /home/ubuntu/workspace/Labs/Lab3/index.php:82
[26-Feb-2018 00:55:36 UTC] PHP Warning:  Illegal offset type in /home/ubuntu/workspace/Labs/Lab3/index.php on line 69
[26-Feb-2018 00:55:36 UTC] PHP Stack trace:
[26-Feb-2018 00:55:36 UTC] PHP   1. {main}() /home/ubuntu/workspace/Labs/Lab3/index.php:0
[26-Feb-2018 00:55:36 UTC] PHP   2. getHand() /home/ubuntu/workspace/Labs/Lab3/index.php:82
[26-Feb-2018 00:55:36 UTC] PHP Warning:  Illegal offset type in /home/ubuntu/workspace/Labs/Lab3/index.php on line 69
[26-Feb-2018 00:55:36 UTC] PHP Stack trace:
[26-Feb-2018 00:55:36 UTC] PHP   1. {main}() /home/ubuntu/workspace/Labs/Lab3/index.php:0
[26-Feb-2018 00:55:36 UTC] PHP   2. getHand() /home/ubuntu/workspace/Labs/Lab3/index.php:83
[26-Feb-2018 00:55:36 UTC] PHP Warning:  Illegal offset type in /home/ubuntu/workspace/Labs/Lab3/index.php on line 69
[26-Feb-2018 00:55:36 UTC] PHP Stack trace:
[26-Feb-2018 00:55:36 UTC] PHP   1. {main}() /home/ubuntu/workspace/Labs/Lab3/index.php:0
[26-Feb-2018 00:55:36 UTC] PHP   2. getHand() /home/ubuntu/workspace/Labs/Lab3/index.php:83
[26-Feb-2018 00:55:36 UTC] PHP Warning:  Illegal offset type in /home/ubuntu/workspace/Labs/Lab3/index.php on line 69
[26-Feb-2018 00:55:36 UTC] PHP Stack trace:
[26-Feb-2018 00:55:36 UTC] PHP   1. {main}() /home/ubuntu/workspace/Labs/Lab3/index.php:0
[26-Feb-2018 00:55:36 UTC] PHP   2. getHand() /home/ubuntu/workspace/Labs/Lab3/index.php:83
[26-Feb-2018 00:55:36 UTC] PHP Warning:  Illegal offset type in /home/ubuntu/workspace/Labs/Lab3/index.php on line 69
[26-Feb-2018 00:55:36 UTC] PHP Stack trace:
[26-Feb-2018 00:55:36 UTC] PHP   1. {main}() /home/ubuntu/workspace/Labs/Lab3/index.php:0
[26-Feb-2018 00:55:36 UTC] PHP   2. getHand() /home/ubuntu/workspace/Labs/Lab3/index.php:83
[26-Feb-2018 00:55:36 UTC] PHP Warning:  Illegal offset type in /home/ubuntu/workspace/Labs/Lab3/index.php on line 69
[26-Feb-2018 00:55:36 UTC] PHP Stack trace:
[26-Feb-2018 00:55:36 UTC] PHP   1. {main}() /home/ubuntu/workspace/Labs/Lab3/index.php:0
[26-Feb-2018 00:55:36 UTC] PHP   2. getHand() /home/ubuntu/workspace/Labs/Lab3/index.php:84
[26-Feb-2018 00:55:36 UTC] PHP Warning:  Illegal offset type in /home/ubuntu/workspace/Labs/Lab3/index.php on line 69
[26-Feb-2018 00:55:36 UTC] PHP Stack trace:
[26-Feb-2018 00:55:36 UTC] PHP   1. {main}() /home/ubuntu/workspace/Labs/Lab3/index.php:0
[26-Feb-2018 00:55:36 UTC] PHP   2. getHand() /home/ubuntu/workspace/Labs/Lab3/index.php:84
[26-Feb-2018 00:55:36 UTC] PHP Warning:  Illegal offset type in /home/ubuntu/workspace/Labs/Lab3/index.php on line 69
[26-Feb-2018 00:55:36 UTC] PHP Stack trace:
[26-Feb-2018 00:55:36 UTC] PHP   1. {main}() /home/ubuntu/workspace/Labs/Lab3/index.php:0
[26-Feb-2018 00:55:36 UTC] PHP   2. getHand() /home/ubuntu/workspace/Labs/Lab3/index.php:84
[26-Feb-2018 00:55:36 UTC] PHP Warning:  Illegal offset type in /home/ubuntu/workspace/Labs/Lab3/index.php on line 69
[26-Feb-2018 00:55:36 UTC] PHP Stack trace:
[26-Feb-2018 00:55:36 UTC] PHP   1. {main}() /home/ubuntu/workspace/Labs/Lab3/index.php:0
[26-Feb-2018 00:55:36 UTC] PHP   2. getHand() /home/ubuntu/workspace/Labs/Lab3/index.php:84
[26-Feb-2018 00:55:36 UTC] PHP Warning:  Illegal offset type in /home/ubuntu/workspace/Labs/Lab3/index.php on line 69
[26-Feb-2018 00:55:36 UTC] PHP Stack trace:
[26-Feb-2018 00:55:36 UTC] PHP   1. {main}() /home/ubuntu/workspace/Labs/Lab3/index.php:0
[26-Feb-2018 00:55:36 UTC] PHP   2. getHand() /home/ubuntu/workspace/Labs/Lab3/index.php:84
[26-Feb-2018 00:55:36 UTC] PHP Warning:  Illegal offset type in /home/ubuntu/workspace/Labs/Lab3/index.php on line 69
[26-Feb-2018 00:55:36 UTC] PHP Stack trace:
[26-Feb-2018 00:55:36 UTC] PHP   1. {main}() /home/ubuntu/workspace/Labs/Lab3/index.php:0
[26-Feb-2018 00:55:36 UTC] PHP   2. getHand() /home/ubuntu/workspace/Labs/Lab3/index.php:84
[26-Feb-2018 00:55:36 UTC] PHP Warning:  Illegal offset type in /home/ubuntu/workspace/Labs/Lab3/index.php on line 69
[26-Feb-2018 00:55:36 UTC] PHP Stack trace:
[26-Feb-2018 00:55:36 UTC] PHP   1. {main}() /home/ubuntu/workspace/Labs/Lab3/index.php:0
[26-Feb-2018 00:55:36 UTC] PHP   2. getHand() /home/ubuntu/workspace/Labs/Lab3/index.php:84
[26-Feb-2018 00:58:23 UTC] PHP Warning:  Illegal offset type in /home/ubuntu/workspace/Labs/Lab3/index.php on line 69
[26-Feb-2018 00:58:23 UTC] PHP Stack trace:
[26-Feb-2018 00:58:23 UTC] PHP   1. {main}() /home/ubuntu/workspace/Labs/Lab3/index.php:0
[26-Feb-2018 00:58:23 UTC] PHP   2. getHand() /home/ubuntu/workspace/Labs/Lab3/index.php:81
[26-Feb-2018 00:58:23 UTC] PHP Warning:  Illegal offset type in /home/ubuntu/workspace/Labs/Lab3/index.php on line 69
[26-Feb-2018 00:58:23 UTC] PHP Stack trace:
[26-Feb-2018 00:58:23 UTC] PHP   1. {main}() /home/ubuntu/workspace/Labs/Lab3/index.php:0
[26-Feb-2018 00:58:23 UTC] PHP   2. getHand() /home/ubuntu/workspace/Labs/Lab3/index.php:81
[26-Feb-2018 00:58:23 UTC] PHP Warning:  Illegal offset type in /home/ubuntu/workspace/Labs/Lab3/index.php on line 69
[26-Feb-2018 00:58:23 UTC] PHP Stack trace:
[26-Feb-2018 00:58:23 UTC] PHP   1. {main}() /home/ubuntu/workspace/Labs/Lab3/index.php:0
[26-Feb-2018 00:58:23 UTC] PHP   2. getHand() /home/ubuntu/workspace/Labs/Lab3/index.php:81
[26-Feb-2018 00:58:23 UTC] PHP Warning:  Illegal offset type in /home/ubuntu/workspace/Labs/Lab3/index.php on line 69
[26-Feb-2018 00:58:23 UTC] PHP Stack trace:
[26-Feb-2018 00:58:23 UTC] PHP   1. {main}() /home/ubuntu/workspace/Labs/Lab3/index.php:0
[26-Feb-2018 00:58:23 UTC] PHP   2. getHand() /home/ubuntu/workspace/Labs/Lab3/index.php:81
[26-Feb-2018 00:58:23 UTC] PHP Warning:  Illegal offset type in /home/ubuntu/workspace/Labs/Lab3/index.php on line 69
[26-Feb-2018 00:58:23 UTC] PHP Stack trace:
[26-Feb-2018 00:58:23 UTC] PHP   1. {main}() /home/ubuntu/workspace/Labs/Lab3/index.php:0
[26-Feb-2018 00:58:23 UTC] PHP   2. getHand() /home/ubuntu/workspace/Labs/Lab3/index.php:81
[26-Feb-2018 00:58:23 UTC] PHP Warning:  Illegal offset type in /home/ubuntu/workspace/Labs/Lab3/index.php on line 69
[26-Feb-2018 00:58:23 UTC] PHP Stack trace:
[26-Feb-2018 00:58:23 UTC] PHP   1. {main}() /home/ubuntu/workspace/Labs/Lab3/index.php:0
[26-Feb-2018 00:58:23 UTC] PHP   2. getHand() /home/ubuntu/workspace/Labs/Lab3/index.php:81
[26-Feb-2018 00:58:23 UTC] PHP Warning:  Illegal offset type in /home/ubuntu/workspace/Labs/Lab3/index.php on line 69
[26-Feb-2018 00:58:23 UTC] PHP Stack trace:
[26-Feb-2018 00:58:23 UTC] PHP   1. {main}() /home/ubuntu/workspace/Labs/Lab3/index.php:0
[26-Feb-2018 00:58:23 UTC] PHP   2. getHand() /home/ubuntu/workspace/Labs/Lab3/index.php:81
[26-Feb-2018 00:58:23 UTC] PHP Warning:  Illegal offset type in /home/ubuntu/workspace/Labs/Lab3/index.php on line 69
[26-Feb-2018 00:58:23 UTC] PHP Stack trace:
[26-Feb-2018 00:58:23 UTC] PHP   1. {main}() /home/ubuntu/workspace/Labs/Lab3/index.php:0
[26-Feb-2018 00:58:23 UTC] PHP   2. getHand() /home/ubuntu/workspace/Labs/Lab3/index.php:81
[26-Feb-2018 00:58:23 UTC] PHP Warning:  Illegal offset type in /home/ubuntu/workspace/Labs/Lab3/index.php on line 69
[26-Feb-2018 00:58:23 UTC] PHP Stack trace:
[26-Feb-2018 00:58:23 UTC] PHP   1. {main}() /home/ubuntu/workspace/Labs/Lab3/index.php:0
[26-Feb-2018 00:58:23 UTC] PHP   2. getHand() /home/ubuntu/workspace/Labs/Lab3/index.php:81
[26-Feb-2018 00:58:23 UTC] PHP Warning:  Illegal offset type in /home/ubuntu/workspace/Labs/Lab3/index.php on line 69
[26-Feb-2018 00:58:23 UTC] PHP Stack trace:
[26-Feb-2018 00:58:23 UTC] PHP   1. {main}() /home/ubuntu/workspace/Labs/Lab3/index.php:0
[26-Feb-2018 00:58:23 UTC] PHP   2. getHand() /home/ubuntu/workspace/Labs/Lab3/index.php:82
[26-Feb-2018 00:58:23 UTC] PHP Warning:  Illegal offset type in /home/ubuntu/workspace/Labs/Lab3/index.php on line 69
[26-Feb-2018 00:58:23 UTC] PHP Stack trace:
[26-Feb-2018 00:58:23 UTC] PHP   1. {main}() /home/ubuntu/workspace/Labs/Lab3/index.php:0
[26-Feb-2018 00:58:23 UTC] PHP   2. getHand() /home/ubuntu/workspace/Labs/Lab3/index.php:82
[26-Feb-2018 00:58:23 UTC] PHP Warning:  Illegal offset type in /home/ubuntu/workspace/Labs/Lab3/index.php on line 69
[26-Feb-2018 00:58:23 UTC] PHP Stack trace:
[26-Feb-2018 00:58:23 UTC] PHP   1. {main}() /home/ubuntu/workspace/Labs/Lab3/index.php:0
[26-Feb-2018 00:58:23 UTC] PHP   2. getHand() /home/ubuntu/workspace/Labs/Lab3/index.php:82
[26-Feb-2018 00:58:23 UTC] PHP Warning:  Illegal offset type in /home/ubuntu/workspace/Labs/Lab3/index.php on line 69
[26-Feb-2018 00:58:23 UTC] PHP Stack trace:
[26-Feb-2018 00:58:23 UTC] PHP   1. {main}() /home/ubuntu/workspace/Labs/Lab3/index.php:0
[26-Feb-2018 00:58:23 UTC] PHP   2. getHand() /home/ubuntu/workspace/Labs/Lab3/index.php:82
[26-Feb-2018 00:58:23 UTC] PHP Warning:  Illegal offset type in /home/ubuntu/workspace/Labs/Lab3/index.php on line 69
[26-Feb-2018 00:58:23 UTC] PHP Stack trace:
[26-Feb-2018 00:58:23 UTC] PHP   1. {main}() /home/ubuntu/workspace/Labs/Lab3/index.php:0
[26-Feb-2018 00:58:23 UTC] PHP   2. getHand() /home/ubuntu/workspace/Labs/Lab3/index.php:82
[26-Feb-2018 00:58:23 UTC] PHP Warning:  Illegal offset type in /home/ubuntu/workspace/Labs/Lab3/index.php on line 69
[26-Feb-2018 00:58:23 UTC] PHP Stack trace:
[26-Feb-2018 00:58:23 UTC] PHP   1. {main}() /home/ubuntu/workspace/Labs/Lab3/index.php:0
[26-Feb-2018 00:58:23 UTC] PHP   2. getHand() /home/ubuntu/workspace/Labs/Lab3/index.php:82
[26-Feb-2018 00:58:23 UTC] PHP Warning:  Illegal offset type in /home/ubuntu/workspace/Labs/Lab3/index.php on line 69
[26-Feb-2018 00:58:23 UTC] PHP Stack trace:
[26-Feb-2018 00:58:23 UTC] PHP   1. {main}() /home/ubuntu/workspace/Labs/Lab3/index.php:0
[26-Feb-2018 00:58:23 UTC] PHP   2. getHand() /home/ubuntu/workspace/Labs/Lab3/index.php:82
[26-Feb-2018 00:58:23 UTC] PHP Warning:  Illegal offset type in /home/ubuntu/workspace/Labs/Lab3/index.php on line 69
[26-Feb-2018 00:58:23 UTC] PHP Stack trace:
[26-Feb-2018 00:58:23 UTC] PHP   1. {main}() /home/ubuntu/workspace/Labs/Lab3/index.php:0
[26-Feb-2018 00:58:23 UTC] PHP   2. getHand() /home/ubuntu/workspace/Labs/Lab3/index.php:83
[26-Feb-2018 00:58:23 UTC] PHP Warning:  Illegal offset type in /home/ubuntu/workspace/Labs/Lab3/index.php on line 69
[26-Feb-2018 00:58:23 UTC] PHP Stack trace:
[26-Feb-2018 00:58:23 UTC] PHP   1. {main}() /home/ubuntu/workspace/Labs/Lab3/index.php:0
[26-Feb-2018 00:58:23 UTC] PHP   2. getHand() /home/ubuntu/workspace/Labs/Lab3/index.php:83
[26-Feb-2018 00:58:23 UTC] PHP Warning:  Illegal offset type in /home/ubuntu/workspace/Labs/Lab3/index.php on line 69
[26-Feb-2018 00:58:23 UTC] PHP Stack trace:
[26-Feb-2018 00:58:23 UTC] PHP   1. {main}() /home/ubuntu/workspace/Labs/Lab3/index.php:0
[26-Feb-2018 00:58:23 UTC] PHP   2. getHand() /home/ubuntu/workspace/Labs/Lab3/index.php:83
[26-Feb-2018 00:58:23 UTC] PHP Warning:  Illegal offset type in /home/ubuntu/workspace/Labs/Lab3/index.php on line 69
[26-Feb-2018 00:58:23 UTC] PHP Stack trace:
[26-Feb-2018 00:58:23 UTC] PHP   1. {main}() /home/ubuntu/workspace/Labs/Lab3/index.php:0
[26-Feb-2018 00:58:23 UTC] PHP   2. getHand() /home/ubuntu/workspace/Labs/Lab3/index.php:83
[26-Feb-2018 00:58:23 UTC] PHP Warning:  Illegal offset type in /home/ubuntu/workspace/Labs/Lab3/index.php on line 69
[26-Feb-2018 00:58:23 UTC] PHP Stack trace:
[26-Feb-2018 00:58:23 UTC] PHP   1. {main}() /home/ubuntu/workspace/Labs/Lab3/index.php:0
[26-Feb-2018 00:58:23 UTC] PHP   2. getHand() /home/ubuntu/workspace/Labs/Lab3/index.php:83
[26-Feb-2018 00:58:23 UTC] PHP Warning:  Illegal offset type in /home/ubuntu/workspace/Labs/Lab3/index.php on line 69
[26-Feb-2018 00:58:23 UTC] PHP Stack trace:
[26-Feb-2018 00:58:23 UTC] PHP   1. {main}() /home/ubuntu/workspace/Labs/Lab3/index.php:0
[26-Feb-2018 00:58:23 UTC] PHP   2. getHand() /home/ubuntu/workspace/Labs/Lab3/index.php:83
[26-Feb-2018 00:58:23 UTC] PHP Warning:  Illegal offset type in /home/ubuntu/workspace/Labs/Lab3/index.php on line 69
[26-Feb-2018 00:58:23 UTC] PHP Stack trace:
[26-Feb-2018 00:58:23 UTC] PHP   1. {main}() /home/ubuntu/workspace/Labs/Lab3/index.php:0
[26-Feb-2018 00:58:23 UTC] PHP   2. getHand() /home/ubuntu/workspace/Labs/Lab3/index.php:83
[26-Feb-2018 00:58:23 UTC] PHP Warning:  Illegal offset type in /home/ubuntu/workspace/Labs/Lab3/index.php on line 69
[26-Feb-2018 00:58:23 UTC] PHP Stack trace:
[26-Feb-2018 00:58:23 UTC] PHP   1. {main}() /home/ubuntu/workspace/Labs/Lab3/index.php:0
[26-Feb-2018 00:58:23 UTC] PHP   2. getHand() /home/ubuntu/workspace/Labs/Lab3/index.php:84
[26-Feb-2018 00:58:23 UTC] PHP Warning:  Illegal offset type in /home/ubuntu/workspace/Labs/Lab3/index.php on line 69
[26-Feb-2018 00:58:23 UTC] PHP Stack trace:
[26-Feb-2018 00:58:23 UTC] PHP   1. {main}() /home/ubuntu/workspace/Labs/Lab3/index.php:0
[26-Feb-2018 00:58:23 UTC] PHP   2. getHand() /home/ubuntu/workspace/Labs/Lab3/index.php:84
[26-Feb-2018 00:58:23 UTC] PHP Warning:  Illegal offset type in /home/ubuntu/workspace/Labs/Lab3/index.php on line 69
[26-Feb-2018 00:58:23 UTC] PHP Stack trace:
[26-Feb-2018 00:58:23 UTC] PHP   1. {main}() /home/ubuntu/workspace/Labs/Lab3/index.php:0
[26-Feb-2018 00:58:23 UTC] PHP   2. getHand() /home/ubuntu/workspace/Labs/Lab3/index.php:84
[26-Feb-2018 00:58:23 UTC] PHP Warning:  Illegal offset type in /home/ubuntu/workspace/Labs/Lab3/index.php on line 69
[26-Feb-2018 00:58:23 UTC] PHP Stack trace:
[26-Feb-2018 00:58:23 UTC] PHP   1. {main}() /home/ubuntu/workspace/Labs/Lab3/index.php:0
[26-Feb-2018 00:58:23 UTC] PHP   2. getHand() /home/ubuntu/workspace/Labs/Lab3/index.php:84
[26-Feb-2018 00:58:23 UTC] PHP Warning:  Illegal offset type in /home/ubuntu/workspace/Labs/Lab3/index.php on line 69
[26-Feb-2018 00:58:23 UTC] PHP Stack trace:
[26-Feb-2018 00:58:23 UTC] PHP   1. {main}() /home/ubuntu/workspace/Labs/Lab3/index.php:0
[26-Feb-2018 00:58:23 UTC] PHP   2. getHand() /home/ubuntu/workspace/Labs/Lab3/index.php:84
[26-Feb-2018 00:58:49 UTC] PHP Warning:  Illegal offset type in /home/ubuntu/workspace/Labs/Lab3/index.php on line 69
[26-Feb-2018 00:58:49 UTC] PHP Stack trace:
[26-Feb-2018 00:58:49 UTC] PHP   1. {main}() /home/ubuntu/workspace/Labs/Lab3/index.php:0
[26-Feb-2018 00:58:49 UTC] PHP   2. getHand() /home/ubuntu/workspace/Labs/Lab3/index.php:81
[26-Feb-2018 00:58:49 UTC] PHP Warning:  Illegal offset type in /home/ubuntu/workspace/Labs/Lab3/index.php on line 69
[26-Feb-2018 00:58:49 UTC] PHP Stack trace:
[26-Feb-2018 00:58:49 UTC] PHP   1. {main}() /home/ubuntu/workspace/Labs/Lab3/index.php:0
[26-Feb-2018 00:58:49 UTC] PHP   2. getHand() /home/ubuntu/workspace/Labs/Lab3/index.php:81
[26-Feb-2018 00:58:49 UTC] PHP Warning:  Illegal offset type in /home/ubuntu/workspace/Labs/Lab3/index.php on line 69
[26-Feb-2018 00:58:49 UTC] PHP Stack trace:
[26-Feb-2018 00:58:49 UTC] PHP   1. {main}() /home/ubuntu/workspace/Labs/Lab3/index.php:0
[26-Feb-2018 00:58:49 UTC] PHP   2. getHand() /home/ubuntu/workspace/Labs/Lab3/index.php:81
[26-Feb-2018 00:58:49 UTC] PHP Warning:  Illegal offset type in /home/ubuntu/workspace/Labs/Lab3/index.php on line 69
[26-Feb-2018 00:58:49 UTC] PHP Stack trace:
[26-Feb-2018 00:58:49 UTC] PHP   1. {main}() /home/ubuntu/workspace/Labs/Lab3/index.php:0
[26-Feb-2018 00:58:49 UTC] PHP   2. getHand() /home/ubuntu/workspace/Labs/Lab3/index.php:81
[26-Feb-2018 00:58:49 UTC] PHP Warning:  Illegal offset type in /home/ubuntu/workspace/Labs/Lab3/index.php on line 69
[26-Feb-2018 00:58:49 UTC] PHP Stack trace:
[26-Feb-2018 00:58:49 UTC] PHP   1. {main}() /home/ubuntu/workspace/Labs/Lab3/index.php:0
[26-Feb-2018 00:58:49 UTC] PHP   2. getHand() /home/ubuntu/workspace/Labs/Lab3/index.php:81
[26-Feb-2018 00:58:49 UTC] PHP Warning:  Illegal offset type in /home/ubuntu/workspace/Labs/Lab3/index.php on line 69
[26-Feb-2018 00:58:49 UTC] PHP Stack trace:
[26-Feb-2018 00:58:49 UTC] PHP   1. {main}() /home/ubuntu/workspace/Labs/Lab3/index.php:0
[26-Feb-2018 00:58:49 UTC] PHP   2. getHand() /home/ubuntu/workspace/Labs/Lab3/index.php:81
[26-Feb-2018 00:58:49 UTC] PHP Warning:  Illegal offset type in /home/ubuntu/workspace/Labs/Lab3/index.php on line 69
[26-Feb-2018 00:58:49 UTC] PHP Stack trace:
[26-Feb-2018 00:58:49 UTC] PHP   1. {main}() /home/ubuntu/workspace/Labs/Lab3/index.php:0
[26-Feb-2018 00:58:49 UTC] PHP   2. getHand() /home/ubuntu/workspace/Labs/Lab3/index.php:81
[26-Feb-2018 00:58:49 UTC] PHP Warning:  Illegal offset type in /home/ubuntu/workspace/Labs/Lab3/index.php on line 69
[26-Feb-2018 00:58:49 UTC] PHP Stack trace:
[26-Feb-2018 00:58:49 UTC] PHP   1. {main}() /home/ubuntu/workspace/Labs/Lab3/index.php:0
[26-Feb-2018 00:58:49 UTC] PHP   2. getHand() /home/ubuntu/workspace/Labs/Lab3/index.php:81
[26-Feb-2018 00:58:49 UTC] PHP Warning:  Illegal offset type in /home/ubuntu/workspace/Labs/Lab3/index.php on line 69
[26-Feb-2018 00:58:49 UTC] PHP Stack trace:
[26-Feb-2018 00:58:49 UTC] PHP   1. {main}() /home/ubuntu/workspace/Labs/Lab3/index.php:0
[26-Feb-2018 00:58:49 UTC] PHP   2. getHand() /home/ubuntu/workspace/Labs/Lab3/index.php:82
[26-Feb-2018 00:58:49 UTC] PHP Warning:  Illegal offset type in /home/ubuntu/workspace/Labs/Lab3/index.php on line 69
[26-Feb-2018 00:58:49 UTC] PHP Stack trace:
[26-Feb-2018 00:58:49 UTC] PHP   1. {main}() /home/ubuntu/workspace/Labs/Lab3/index.php:0
[26-Feb-2018 00:58:49 UTC] PHP   2. getHand() /home/ubuntu/workspace/Labs/Lab3/index.php:82
[26-Feb-2018 00:58:49 UTC] PHP Warning:  Illegal offset type in /home/ubuntu/workspace/Labs/Lab3/index.php on line 69
[26-Feb-2018 00:58:49 UTC] PHP Stack trace:
[26-Feb-2018 00:58:49 UTC] PHP   1. {main}() /home/ubuntu/workspace/Labs/Lab3/index.php:0
[26-Feb-2018 00:58:49 UTC] PHP   2. getHand() /home/ubuntu/workspace/Labs/Lab3/index.php:82
[26-Feb-2018 00:58:49 UTC] PHP Warning:  Illegal offset type in /home/ubuntu/workspace/Labs/Lab3/index.php on line 69
[26-Feb-2018 00:58:49 UTC] PHP Stack trace:
[26-Feb-2018 00:58:49 UTC] PHP   1. {main}() /home/ubuntu/workspace/Labs/Lab3/index.php:0
[26-Feb-2018 00:58:49 UTC] PHP   2. getHand() /home/ubuntu/workspace/Labs/Lab3/index.php:82
[26-Feb-2018 00:58:49 UTC] PHP Warning:  Illegal offset type in /home/ubuntu/workspace/Labs/Lab3/index.php on line 69
[26-Feb-2018 00:58:49 UTC] PHP Stack trace:
[26-Feb-2018 00:58:49 UTC] PHP   1. {main}() /home/ubuntu/workspace/Labs/Lab3/index.php:0
[26-Feb-2018 00:58:49 UTC] PHP   2. getHand() /home/ubuntu/workspace/Labs/Lab3/index.php:82
[26-Feb-2018 00:58:49 UTC] PHP Warning:  Illegal offset type in /home/ubuntu/workspace/Labs/Lab3/index.php on line 69
[26-Feb-2018 00:58:49 UTC] PHP Stack trace:
[26-Feb-2018 00:58:49 UTC] PHP   1. {main}() /home/ubuntu/workspace/Labs/Lab3/index.php:0
[26-Feb-2018 00:58:49 UTC] PHP   2. getHand() /home/ubuntu/workspace/Labs/Lab3/index.php:82
[26-Feb-2018 00:58:49 UTC] PHP Warning:  Illegal offset type in /home/ubuntu/workspace/Labs/Lab3/index.php on line 69
[26-Feb-2018 00:58:49 UTC] PHP Stack trace:
[26-Feb-2018 00:58:49 UTC] PHP   1. {main}() /home/ubuntu/workspace/Labs/Lab3/index.php:0
[26-Feb-2018 00:58:49 UTC] PHP   2. getHand() /home/ubuntu/workspace/Labs/Lab3/index.php:83
[26-Feb-2018 00:58:49 UTC] PHP Warning:  Illegal offset type in /home/ubuntu/workspace/Labs/Lab3/index.php on line 69
[26-Feb-2018 00:58:49 UTC] PHP Stack trace:
[26-Feb-2018 00:58:49 UTC] PHP   1. {main}() /home/ubuntu/workspace/Labs/Lab3/index.php:0
[26-Feb-2018 00:58:49 UTC] PHP   2. getHand() /home/ubuntu/workspace/Labs/Lab3/index.php:83
[26-Feb-2018 00:58:49 UTC] PHP Warning:  Illegal offset type in /home/ubuntu/workspace/Labs/Lab3/index.php on line 69
[26-Feb-2018 00:58:49 UTC] PHP Stack trace:
[26-Feb-2018 00:58:49 UTC] PHP   1. {main}() /home/ubuntu/workspace/Labs/Lab3/index.php:0
[26-Feb-2018 00:58:49 UTC] PHP   2. getHand() /home/ubuntu/workspace/Labs/Lab3/index.php:83
[26-Feb-2018 00:58:49 UTC] PHP Warning:  Illegal offset type in /home/ubuntu/workspace/Labs/Lab3/index.php on line 69
[26-Feb-2018 00:58:49 UTC] PHP Stack trace:
[26-Feb-2018 00:58:49 UTC] PHP   1. {main}() /home/ubuntu/workspace/Labs/Lab3/index.php:0
[26-Feb-2018 00:58:49 UTC] PHP   2. getHand() /home/ubuntu/workspace/Labs/Lab3/index.php:83
[26-Feb-2018 00:58:49 UTC] PHP Warning:  Illegal offset type in /home/ubuntu/workspace/Labs/Lab3/index.php on line 69
[26-Feb-2018 00:58:49 UTC] PHP Stack trace:
[26-Feb-2018 00:58:49 UTC] PHP   1. {main}() /home/ubuntu/workspace/Labs/Lab3/index.php:0
[26-Feb-2018 00:58:49 UTC] PHP   2. getHand() /home/ubuntu/workspace/Labs/Lab3/index.php:83
[26-Feb-2018 00:58:49 UTC] PHP Warning:  Illegal offset type in /home/ubuntu/workspace/Labs/Lab3/index.php on line 69
[26-Feb-2018 00:58:49 UTC] PHP Stack trace:
[26-Feb-2018 00:58:49 UTC] PHP   1. {main}() /home/ubuntu/workspace/Labs/Lab3/index.php:0
[26-Feb-2018 00:58:49 UTC] PHP   2. getHand() /home/ubuntu/workspace/Labs/Lab3/index.php:84
[26-Feb-2018 00:58:49 UTC] PHP Warning:  Illegal offset type in /home/ubuntu/workspace/Labs/Lab3/index.php on line 69
[26-Feb-2018 00:58:49 UTC] PHP Stack trace:
[26-Feb-2018 00:58:49 UTC] PHP   1. {main}() /home/ubuntu/workspace/Labs/Lab3/index.php:0
[26-Feb-2018 00:58:49 UTC] PHP   2. getHand() /home/ubuntu/workspace/Labs/Lab3/index.php:84
[26-Feb-2018 00:58:49 UTC] PHP Warning:  Illegal offset type in /home/ubuntu/workspace/Labs/Lab3/index.php on line 69
[26-Feb-2018 00:58:49 UTC] PHP Stack trace:
[26-Feb-2018 00:58:49 UTC] PHP   1. {main}() /home/ubuntu/workspace/Labs/Lab3/index.php:0
[26-Feb-2018 00:58:49 UTC] PHP   2. getHand() /home/ubuntu/workspace/Labs/Lab3/index.php:84
[26-Feb-2018 00:58:49 UTC] PHP Warning:  Illegal offset type in /home/ubuntu/workspace/Labs/Lab3/index.php on line 69
[26-Feb-2018 00:58:49 UTC] PHP Stack trace:
[26-Feb-2018 00:58:49 UTC] PHP   1. {main}() /home/ubuntu/workspace/Labs/Lab3/index.php:0
[26-Feb-2018 00:58:49 UTC] PHP   2. getHand() /home/ubuntu/workspace/Labs/Lab3/index.php:84
[26-Feb-2018 00:58:49 UTC] PHP Warning:  Illegal offset type in /home/ubuntu/workspace/Labs/Lab3/index.php on line 69
[26-Feb-2018 00:58:49 UTC] PHP Stack trace:
[26-Feb-2018 00:58:49 UTC] PHP   1. {main}() /home/ubuntu/workspace/Labs/Lab3/index.php:0
[26-Feb-2018 00:58:49 UTC] PHP   2. getHand() /home/ubuntu/workspace/Labs/Lab3/index.php:84
[26-Feb-2018 00:58:49 UTC] PHP Warning:  Illegal offset type in /home/ubuntu/workspace/Labs/Lab3/index.php on line 69
[26-Feb-2018 00:58:49 UTC] PHP Stack trace:
[26-Feb-2018 00:58:49 UTC] PHP   1. {main}() /home/ubuntu/workspace/Labs/Lab3/index.php:0
[26-Feb-2018 00:58:49 UTC] PHP   2. getHand() /home/ubuntu/workspace/Labs/Lab3/index.php:84
[26-Feb-2018 00:59:32 UTC] PHP Warning:  Illegal offset type in /home/ubuntu/workspace/Labs/Lab3/index.php on line 69
[26-Feb-2018 00:59:32 UTC] PHP Stack trace:
[26-Feb-2018 00:59:32 UTC] PHP   1. {main}() /home/ubuntu/workspace/Labs/Lab3/index.php:0
[26-Feb-2018 00:59:32 UTC] PHP   2. getHand() /home/ubuntu/workspace/Labs/Lab3/index.php:81
[26-Feb-2018 00:59:32 UTC] PHP Warning:  Illegal offset type in /home/ubuntu/workspace/Labs/Lab3/index.php on line 69
[26-Feb-2018 00:59:32 UTC] PHP Stack trace:
[26-Feb-2018 00:59:32 UTC] PHP   1. {main}() /home/ubuntu/workspace/Labs/Lab3/index.php:0
[26-Feb-2018 00:59:32 UTC] PHP   2. getHand() /home/ubuntu/workspace/Labs/Lab3/index.php:81
[26-Feb-2018 00:59:32 UTC] PHP Warning:  Illegal offset type in /home/ubuntu/workspace/Labs/Lab3/index.php on line 69
[26-Feb-2018 00:59:32 UTC] PHP Stack trace:
[26-Feb-2018 00:59:32 UTC] PHP   1. {main}() /home/ubuntu/workspace/Labs/Lab3/index.php:0
[26-Feb-2018 00:59:32 UTC] PHP   2. getHand() /home/ubuntu/workspace/Labs/Lab3/index.php:81
[26-Feb-2018 00:59:32 UTC] PHP Warning:  Illegal offset type in /home/ubuntu/workspace/Labs/Lab3/index.php on line 69
[26-Feb-2018 00:59:32 UTC] PHP Stack trace:
[26-Feb-2018 00:59:32 UTC] PHP   1. {main}() /home/ubuntu/workspace/Labs/Lab3/index.php:0
[26-Feb-2018 00:59:32 UTC] PHP   2. getHand() /home/ubuntu/workspace/Labs/Lab3/index.php:81
[26-Feb-2018 00:59:32 UTC] PHP Warning:  Illegal offset type in /home/ubuntu/workspace/Labs/Lab3/index.php on line 69
[26-Feb-2018 00:59:32 UTC] PHP Stack trace:
[26-Feb-2018 00:59:32 UTC] PHP   1. {main}() /home/ubuntu/workspace/Labs/Lab3/index.php:0
[26-Feb-2018 00:59:32 UTC] PHP   2. getHand() /home/ubuntu/workspace/Labs/Lab3/index.php:81
[26-Feb-2018 00:59:32 UTC] PHP Warning:  Illegal offset type in /home/ubuntu/workspace/Labs/Lab3/index.php on line 69
[26-Feb-2018 00:59:32 UTC] PHP Stack trace:
[26-Feb-2018 00:59:32 UTC] PHP   1. {main}() /home/ubuntu/workspace/Labs/Lab3/index.php:0
[26-Feb-2018 00:59:32 UTC] PHP   2. getHand() /home/ubuntu/workspace/Labs/Lab3/index.php:81
[26-Feb-2018 00:59:32 UTC] PHP Warning:  Illegal offset type in /home/ubuntu/workspace/Labs/Lab3/index.php on line 69
[26-Feb-2018 00:59:32 UTC] PHP Stack trace:
[26-Feb-2018 00:59:32 UTC] PHP   1. {main}() /home/ubuntu/workspace/Labs/Lab3/index.php:0
[26-Feb-2018 00:59:32 UTC] PHP   2. getHand() /home/ubuntu/workspace/Labs/Lab3/index.php:81
[26-Feb-2018 00:59:32 UTC] PHP Warning:  Illegal offset type in /home/ubuntu/workspace/Labs/Lab3/index.php on line 69
[26-Feb-2018 00:59:32 UTC] PHP Stack trace:
[26-Feb-2018 00:59:32 UTC] PHP   1. {main}() /home/ubuntu/workspace/Labs/Lab3/index.php:0
[26-Feb-2018 00:59:32 UTC] PHP   2. getHand() /home/ubuntu/workspace/Labs/Lab3/index.php:81
[26-Feb-2018 00:59:32 UTC] PHP Warning:  Illegal offset type in /home/ubuntu/workspace/Labs/Lab3/index.php on line 69
[26-Feb-2018 00:59:32 UTC] PHP Stack trace:
[26-Feb-2018 00:59:32 UTC] PHP   1. {main}() /home/ubuntu/workspace/Labs/Lab3/index.php:0
[26-Feb-2018 00:59:32 UTC] PHP   2. getHand() /home/ubuntu/workspace/Labs/Lab3/index.php:82
[26-Feb-2018 00:59:32 UTC] PHP Warning:  Illegal offset type in /home/ubuntu/workspace/Labs/Lab3/index.php on line 69
[26-Feb-2018 00:59:32 UTC] PHP Stack trace:
[26-Feb-2018 00:59:32 UTC] PHP   1. {main}() /home/ubuntu/workspace/Labs/Lab3/index.php:0
[26-Feb-2018 00:59:32 UTC] PHP   2. getHand() /home/ubuntu/workspace/Labs/Lab3/index.php:82
[26-Feb-2018 00:59:32 UTC] PHP Warning:  Illegal offset type in /home/ubuntu/workspace/Labs/Lab3/index.php on line 69
[26-Feb-2018 00:59:32 UTC] PHP Stack trace:
[26-Feb-2018 00:59:32 UTC] PHP   1. {main}() /home/ubuntu/workspace/Labs/Lab3/index.php:0
[26-Feb-2018 00:59:32 UTC] PHP   2. getHand() /home/ubuntu/workspace/Labs/Lab3/index.php:82
[26-Feb-2018 00:59:32 UTC] PHP Warning:  Illegal offset type in /home/ubuntu/workspace/Labs/Lab3/index.php on line 69
[26-Feb-2018 00:59:32 UTC] PHP Stack trace:
[26-Feb-2018 00:59:32 UTC] PHP   1. {main}() /home/ubuntu/workspace/Labs/Lab3/index.php:0
[26-Feb-2018 00:59:32 UTC] PHP   2. getHand() /home/ubuntu/workspace/Labs/Lab3/index.php:82
[26-Feb-2018 00:59:32 UTC] PHP Warning:  Illegal offset type in /home/ubuntu/workspace/Labs/Lab3/index.php on line 69
[26-Feb-2018 00:59:32 UTC] PHP Stack trace:
[26-Feb-2018 00:59:32 UTC] PHP   1. {main}() /home/ubuntu/workspace/Labs/Lab3/index.php:0
[26-Feb-2018 00:59:32 UTC] PHP   2. getHand() /home/ubuntu/workspace/Labs/Lab3/index.php:82
[26-Feb-2018 00:59:32 UTC] PHP Warning:  Illegal offset type in /home/ubuntu/workspace/Labs/Lab3/index.php on line 69
[26-Feb-2018 00:59:32 UTC] PHP Stack trace:
[26-Feb-2018 00:59:32 UTC] PHP   1. {main}() /home/ubuntu/workspace/Labs/Lab3/index.php:0
[26-Feb-2018 00:59:32 UTC] PHP   2. getHand() /home/ubuntu/workspace/Labs/Lab3/index.php:82
[26-Feb-2018 00:59:32 UTC] PHP Warning:  Illegal offset type in /home/ubuntu/workspace/Labs/Lab3/index.php on line 69
[26-Feb-2018 00:59:32 UTC] PHP Stack trace:
[26-Feb-2018 00:59:32 UTC] PHP   1. {main}() /home/ubuntu/workspace/Labs/Lab3/index.php:0
[26-Feb-2018 00:59:32 UTC] PHP   2. getHand() /home/ubuntu/workspace/Labs/Lab3/index.php:83
[26-Feb-2018 00:59:32 UTC] PHP Warning:  Illegal offset type in /home/ubuntu/workspace/Labs/Lab3/index.php on line 69
[26-Feb-2018 00:59:32 UTC] PHP Stack trace:
[26-Feb-2018 00:59:32 UTC] PHP   1. {main}() /home/ubuntu/workspace/Labs/Lab3/index.php:0
[26-Feb-2018 00:59:32 UTC] PHP   2. getHand() /home/ubuntu/workspace/Labs/Lab3/index.php:83
[26-Feb-2018 00:59:32 UTC] PHP Warning:  Illegal offset type in /home/ubuntu/workspace/Labs/Lab3/index.php on line 69
[26-Feb-2018 00:59:32 UTC] PHP Stack trace:
[26-Feb-2018 00:59:32 UTC] PHP   1. {main}() /home/ubuntu/workspace/Labs/Lab3/index.php:0
[26-Feb-2018 00:59:32 UTC] PHP   2. getHand() /home/ubuntu/workspace/Labs/Lab3/index.php:83
[26-Feb-2018 00:59:32 UTC] PHP Warning:  Illegal offset type in /home/ubuntu/workspace/Labs/Lab3/index.php on line 69
[26-Feb-2018 00:59:32 UTC] PHP Stack trace:
[26-Feb-2018 00:59:32 UTC] PHP   1. {main}() /home/ubuntu/workspace/Labs/Lab3/index.php:0
[26-Feb-2018 00:59:32 UTC] PHP   2. getHand() /home/ubuntu/workspace/Labs/Lab3/index.php:83
[26-Feb-2018 00:59:32 UTC] PHP Warning:  Illegal offset type in /home/ubuntu/workspace/Labs/Lab3/index.php on line 69
[26-Feb-2018 00:59:32 UTC] PHP Stack trace:
[26-Feb-2018 00:59:32 UTC] PHP   1. {main}() /home/ubuntu/workspace/Labs/Lab3/index.php:0
[26-Feb-2018 00:59:32 UTC] PHP   2. getHand() /home/ubuntu/workspace/Labs/Lab3/index.php:83
[26-Feb-2018 00:59:32 UTC] PHP Warning:  Illegal offset type in /home/ubuntu/workspace/Labs/Lab3/index.php on line 69
[26-Feb-2018 00:59:32 UTC] PHP Stack trace:
[26-Feb-2018 00:59:32 UTC] PHP   1. {main}() /home/ubuntu/workspace/Labs/Lab3/index.php:0
[26-Feb-2018 00:59:32 UTC] PHP   2. getHand() /home/ubuntu/workspace/Labs/Lab3/index.php:83
[26-Feb-2018 00:59:32 UTC] PHP Warning:  Illegal offset type in /home/ubuntu/workspace/Labs/Lab3/index.php on line 69
[26-Feb-2018 00:59:32 UTC] PHP Stack trace:
[26-Feb-2018 00:59:32 UTC] PHP   1. {main}() /home/ubuntu/workspace/Labs/Lab3/index.php:0
[26-Feb-2018 00:59:32 UTC] PHP   2. getHand() /home/ubuntu/workspace/Labs/Lab3/index.php:84
[26-Feb-2018 00:59:32 UTC] PHP Warning:  Illegal offset type in /home/ubuntu/workspace/Labs/Lab3/index.php on line 69
[26-Feb-2018 00:59:32 UTC] PHP Stack trace:
[26-Feb-2018 00:59:32 UTC] PHP   1. {main}() /home/ubuntu/workspace/Labs/Lab3/index.php:0
[26-Feb-2018 00:59:32 UTC] PHP   2. getHand() /home/ubuntu/workspace/Labs/Lab3/index.php:84
[26-Feb-2018 00:59:32 UTC] PHP Warning:  Illegal offset type in /home/ubuntu/workspace/Labs/Lab3/index.php on line 69
[26-Feb-2018 00:59:32 UTC] PHP Stack trace:
[26-Feb-2018 00:59:32 UTC] PHP   1. {main}() /home/ubuntu/workspace/Labs/Lab3/index.php:0
[26-Feb-2018 00:59:32 UTC] PHP   2. getHand() /home/ubuntu/workspace/Labs/Lab3/index.php:84
[26-Feb-2018 00:59:32 UTC] PHP Warning:  Illegal offset type in /home/ubuntu/workspace/Labs/Lab3/index.php on line 69
[26-Feb-2018 00:59:32 UTC] PHP Stack trace:
[26-Feb-2018 00:59:32 UTC] PHP   1. {main}() /home/ubuntu/workspace/Labs/Lab3/index.php:0
[26-Feb-2018 00:59:32 UTC] PHP   2. getHand() /home/ubuntu/workspace/Labs/Lab3/index.php:84
[26-Feb-2018 00:59:32 UTC] PHP Warning:  Illegal offset type in /home/ubuntu/workspace/Labs/Lab3/index.php on line 69
[26-Feb-2018 00:59:32 UTC] PHP Stack trace:
[26-Feb-2018 00:59:32 UTC] PHP   1. {main}() /home/ubuntu/workspace/Labs/Lab3/index.php:0
[26-Feb-2018 00:59:32 UTC] PHP   2. getHand() /home/ubuntu/workspace/Labs/Lab3/index.php:84
[26-Feb-2018 00:59:41 UTC] PHP Warning:  Illegal offset type in /home/ubuntu/workspace/Labs/Lab3/index.php on line 69
[26-Feb-2018 00:59:41 UTC] PHP Stack trace:
[26-Feb-2018 00:59:41 UTC] PHP   1. {main}() /home/ubuntu/workspace/Labs/Lab3/index.php:0
[26-Feb-2018 00:59:41 UTC] PHP   2. getHand() /home/ubuntu/workspace/Labs/Lab3/index.php:81
[26-Feb-2018 00:59:41 UTC] PHP Warning:  Illegal offset type in /home/ubuntu/workspace/Labs/Lab3/index.php on line 69
[26-Feb-2018 00:59:41 UTC] PHP Stack trace:
[26-Feb-2018 00:59:41 UTC] PHP   1. {main}() /home/ubuntu/workspace/Labs/Lab3/index.php:0
[26-Feb-2018 00:59:41 UTC] PHP   2. getHand() /home/ubuntu/workspace/Labs/Lab3/index.php:81
[26-Feb-2018 00:59:41 UTC] PHP Warning:  Illegal offset type in /home/ubuntu/workspace/Labs/Lab3/index.php on line 69
[26-Feb-2018 00:59:41 UTC] PHP Stack trace:
[26-Feb-2018 00:59:41 UTC] PHP   1. {main}() /home/ubuntu/workspace/Labs/Lab3/index.php:0
[26-Feb-2018 00:59:41 UTC] PHP   2. getHand() /home/ubuntu/workspace/Labs/Lab3/index.php:81
[26-Feb-2018 00:59:41 UTC] PHP Warning:  Illegal offset type in /home/ubuntu/workspace/Labs/Lab3/index.php on line 69
[26-Feb-2018 00:59:41 UTC] PHP Stack trace:
[26-Feb-2018 00:59:41 UTC] PHP   1. {main}() /home/ubuntu/workspace/Labs/Lab3/index.php:0
[26-Feb-2018 00:59:41 UTC] PHP   2. getHand() /home/ubuntu/workspace/Labs/Lab3/index.php:81
[26-Feb-2018 00:59:41 UTC] PHP Warning:  Illegal offset type in /home/ubuntu/workspace/Labs/Lab3/index.php on line 69
[26-Feb-2018 00:59:41 UTC] PHP Stack trace:
[26-Feb-2018 00:59:41 UTC] PHP   1. {main}() /home/ubuntu/workspace/Labs/Lab3/index.php:0
[26-Feb-2018 00:59:41 UTC] PHP   2. getHand() /home/ubuntu/workspace/Labs/Lab3/index.php:81
[26-Feb-2018 00:59:41 UTC] PHP Warning:  Illegal offset type in /home/ubuntu/workspace/Labs/Lab3/index.php on line 69
[26-Feb-2018 00:59:41 UTC] PHP Stack trace:
[26-Feb-2018 00:59:41 UTC] PHP   1. {main}() /home/ubuntu/workspace/Labs/Lab3/index.php:0
[26-Feb-2018 00:59:41 UTC] PHP   2. getHand() /home/ubuntu/workspace/Labs/Lab3/index.php:81
[26-Feb-2018 00:59:41 UTC] PHP Warning:  Illegal offset type in /home/ubuntu/workspace/Labs/Lab3/index.php on line 69
[26-Feb-2018 00:59:41 UTC] PHP Stack trace:
[26-Feb-2018 00:59:41 UTC] PHP   1. {main}() /home/ubuntu/workspace/Labs/Lab3/index.php:0
[26-Feb-2018 00:59:41 UTC] PHP   2. getHand() /home/ubuntu/workspace/Labs/Lab3/index.php:81
[26-Feb-2018 00:59:41 UTC] PHP Warning:  Illegal offset type in /home/ubuntu/workspace/Labs/Lab3/index.php on line 69
[26-Feb-2018 00:59:41 UTC] PHP Stack trace:
[26-Feb-2018 00:59:41 UTC] PHP   1. {main}() /home/ubuntu/workspace/Labs/Lab3/index.php:0
[26-Feb-2018 00:59:41 UTC] PHP   2. getHand() /home/ubuntu/workspace/Labs/Lab3/index.php:81
[26-Feb-2018 00:59:41 UTC] PHP Warning:  Illegal offset type in /home/ubuntu/workspace/Labs/Lab3/index.php on line 69
[26-Feb-2018 00:59:41 UTC] PHP Stack trace:
[26-Feb-2018 00:59:41 UTC] PHP   1. {main}() /home/ubuntu/workspace/Labs/Lab3/index.php:0
[26-Feb-2018 00:59:41 UTC] PHP   2. getHand() /home/ubuntu/workspace/Labs/Lab3/index.php:82
[26-Feb-2018 00:59:41 UTC] PHP Warning:  Illegal offset type in /home/ubuntu/workspace/Labs/Lab3/index.php on line 69
[26-Feb-2018 00:59:41 UTC] PHP Stack trace:
[26-Feb-2018 00:59:41 UTC] PHP   1. {main}() /home/ubuntu/workspace/Labs/Lab3/index.php:0
[26-Feb-2018 00:59:41 UTC] PHP   2. getHand() /home/ubuntu/workspace/Labs/Lab3/index.php:82
[26-Feb-2018 00:59:41 UTC] PHP Warning:  Illegal offset type in /home/ubuntu/workspace/Labs/Lab3/index.php on line 69
[26-Feb-2018 00:59:41 UTC] PHP Stack trace:
[26-Feb-2018 00:59:41 UTC] PHP   1. {main}() /home/ubuntu/workspace/Labs/Lab3/index.php:0
[26-Feb-2018 00:59:41 UTC] PHP   2. getHand() /home/ubuntu/workspace/Labs/Lab3/index.php:82
[26-Feb-2018 00:59:41 UTC] PHP Warning:  Illegal offset type in /home/ubuntu/workspace/Labs/Lab3/index.php on line 69
[26-Feb-2018 00:59:41 UTC] PHP Stack trace:
[26-Feb-2018 00:59:41 UTC] PHP   1. {main}() /home/ubuntu/workspace/Labs/Lab3/index.php:0
[26-Feb-2018 00:59:41 UTC] PHP   2. getHand() /home/ubuntu/workspace/Labs/Lab3/index.php:82
[26-Feb-2018 00:59:41 UTC] PHP Warning:  Illegal offset type in /home/ubuntu/workspace/Labs/Lab3/index.php on line 69
[26-Feb-2018 00:59:41 UTC] PHP Stack trace:
[26-Feb-2018 00:59:41 UTC] PHP   1. {main}() /home/ubuntu/workspace/Labs/Lab3/index.php:0
[26-Feb-2018 00:59:41 UTC] PHP   2. getHand() /home/ubuntu/workspace/Labs/Lab3/index.php:83
[26-Feb-2018 00:59:41 UTC] PHP Warning:  Illegal offset type in /home/ubuntu/workspace/Labs/Lab3/index.php on line 69
[26-Feb-2018 00:59:41 UTC] PHP Stack trace:
[26-Feb-2018 00:59:41 UTC] PHP   1. {main}() /home/ubuntu/workspace/Labs/Lab3/index.php:0
[26-Feb-2018 00:59:41 UTC] PHP   2. getHand() /home/ubuntu/workspace/Labs/Lab3/index.php:83
[26-Feb-2018 00:59:41 UTC] PHP Warning:  Illegal offset type in /home/ubuntu/workspace/Labs/Lab3/index.php on line 69
[26-Feb-2018 00:59:41 UTC] PHP Stack trace:
[26-Feb-2018 00:59:41 UTC] PHP   1. {main}() /home/ubuntu/workspace/Labs/Lab3/index.php:0
[26-Feb-2018 00:59:41 UTC] PHP   2. getHand() /home/ubuntu/workspace/Labs/Lab3/index.php:83
[26-Feb-2018 00:59:41 UTC] PHP Warning:  Illegal offset type in /home/ubuntu/workspace/Labs/Lab3/index.php on line 69
[26-Feb-2018 00:59:41 UTC] PHP Stack trace:
[26-Feb-2018 00:59:41 UTC] PHP   1. {main}() /home/ubuntu/workspace/Labs/Lab3/index.php:0
[26-Feb-2018 00:59:41 UTC] PHP   2. getHand() /home/ubuntu/workspace/Labs/Lab3/index.php:83
[26-Feb-2018 00:59:41 UTC] PHP Warning:  Illegal offset type in /home/ubuntu/workspace/Labs/Lab3/index.php on line 69
[26-Feb-2018 00:59:41 UTC] PHP Stack trace:
[26-Feb-2018 00:59:41 UTC] PHP   1. {main}() /home/ubuntu/workspace/Labs/Lab3/index.php:0
[26-Feb-2018 00:59:41 UTC] PHP   2. getHand() /home/ubuntu/workspace/Labs/Lab3/index.php:83
[26-Feb-2018 00:59:41 UTC] PHP Warning:  Illegal offset type in /home/ubuntu/workspace/Labs/Lab3/index.php on line 69
[26-Feb-2018 00:59:41 UTC] PHP Stack trace:
[26-Feb-2018 00:59:41 UTC] PHP   1. {main}() /home/ubuntu/workspace/Labs/Lab3/index.php:0
[26-Feb-2018 00:59:41 UTC] PHP   2. getHand() /home/ubuntu/workspace/Labs/Lab3/index.php:83
[26-Feb-2018 00:59:41 UTC] PHP Warning:  Illegal offset type in /home/ubuntu/workspace/Labs/Lab3/index.php on line 69
[26-Feb-2018 00:59:41 UTC] PHP Stack trace:
[26-Feb-2018 00:59:41 UTC] PHP   1. {main}() /home/ubuntu/workspace/Labs/Lab3/index.php:0
[26-Feb-2018 00:59:41 UTC] PHP   2. getHand() /home/ubuntu/workspace/Labs/Lab3/index.php:83
[26-Feb-2018 00:59:41 UTC] PHP Warning:  Illegal offset type in /home/ubuntu/workspace/Labs/Lab3/index.php on line 69
[26-Feb-2018 00:59:41 UTC] PHP Stack trace:
[26-Feb-2018 00:59:41 UTC] PHP   1. {main}() /home/ubuntu/workspace/Labs/Lab3/index.php:0
[26-Feb-2018 00:59:41 UTC] PHP   2. getHand() /home/ubuntu/workspace/Labs/Lab3/index.php:83
[26-Feb-2018 00:59:41 UTC] PHP Warning:  Illegal offset type in /home/ubuntu/workspace/Labs/Lab3/index.php on line 69
[26-Feb-2018 00:59:41 UTC] PHP Stack trace:
[26-Feb-2018 00:59:41 UTC] PHP   1. {main}() /home/ubuntu/workspace/Labs/Lab3/index.php:0
[26-Feb-2018 00:59:41 UTC] PHP   2. getHand() /home/ubuntu/workspace/Labs/Lab3/index.php:83
[26-Feb-2018 00:59:41 UTC] PHP Warning:  Illegal offset type in /home/ubuntu/workspace/Labs/Lab3/index.php on line 69
[26-Feb-2018 00:59:41 UTC] PHP Stack trace:
[26-Feb-2018 00:59:41 UTC] PHP   1. {main}() /home/ubuntu/workspace/Labs/Lab3/index.php:0
[26-Feb-2018 00:59:41 UTC] PHP   2. getHand() /home/ubuntu/workspace/Labs/Lab3/index.php:84
[26-Feb-2018 00:59:41 UTC] PHP Warning:  Illegal offset type in /home/ubuntu/workspace/Labs/Lab3/index.php on line 69
[26-Feb-2018 00:59:41 UTC] PHP Stack trace:
[26-Feb-2018 00:59:41 UTC] PHP   1. {main}() /home/ubuntu/workspace/Labs/Lab3/index.php:0
[26-Feb-2018 00:59:41 UTC] PHP   2. getHand() /home/ubuntu/workspace/Labs/Lab3/index.php:84
[26-Feb-2018 00:59:41 UTC] PHP Warning:  Illegal offset type in /home/ubuntu/workspace/Labs/Lab3/index.php on line 69
[26-Feb-2018 00:59:41 UTC] PHP Stack trace:
[26-Feb-2018 00:59:41 UTC] PHP   1. {main}() /home/ubuntu/workspace/Labs/Lab3/index.php:0
[26-Feb-2018 00:59:41 UTC] PHP   2. getHand() /home/ubuntu/workspace/Labs/Lab3/index.php:84
[26-Feb-2018 00:59:41 UTC] PHP Warning:  Illegal offset type in /home/ubuntu/workspace/Labs/Lab3/index.php on line 69
[26-Feb-2018 00:59:41 UTC] PHP Stack trace:
[26-Feb-2018 00:59:41 UTC] PHP   1. {main}() /home/ubuntu/workspace/Labs/Lab3/index.php:0
[26-Feb-2018 00:59:41 UTC] PHP   2. getHand() /home/ubuntu/workspace/Labs/Lab3/index.php:84
[26-Feb-2018 00:59:41 UTC] PHP Warning:  Illegal offset type in /home/ubuntu/workspace/Labs/Lab3/index.php on line 69
[26-Feb-2018 00:59:41 UTC] PHP Stack trace:
[26-Feb-2018 00:59:41 UTC] PHP   1. {main}() /home/ubuntu/workspace/Labs/Lab3/index.php:0
[26-Feb-2018 00:59:41 UTC] PHP   2. getHand() /home/ubuntu/workspace/Labs/Lab3/index.php:84
[26-Feb-2018 01:00:40 UTC] PHP Warning:  Illegal offset type in /home/ubuntu/workspace/Labs/Lab3/index.php on line 69
[26-Feb-2018 01:00:40 UTC] PHP Stack trace:
[26-Feb-2018 01:00:40 UTC] PHP   1. {main}() /home/ubuntu/workspace/Labs/Lab3/index.php:0
[26-Feb-2018 01:00:40 UTC] PHP   2. getHand() /home/ubuntu/workspace/Labs/Lab3/index.php:81
[26-Feb-2018 01:00:40 UTC] PHP Warning:  Illegal offset type in /home/ubuntu/workspace/Labs/Lab3/index.php on line 69
[26-Feb-2018 01:00:40 UTC] PHP Stack trace:
[26-Feb-2018 01:00:40 UTC] PHP   1. {main}() /home/ubuntu/workspace/Labs/Lab3/index.php:0
[26-Feb-2018 01:00:40 UTC] PHP   2. getHand() /home/ubuntu/workspace/Labs/Lab3/index.php:81
[26-Feb-2018 01:00:40 UTC] PHP Warning:  Illegal offset type in /home/ubuntu/workspace/Labs/Lab3/index.php on line 69
[26-Feb-2018 01:00:40 UTC] PHP Stack trace:
[26-Feb-2018 01:00:40 UTC] PHP   1. {main}() /home/ubuntu/workspace/Labs/Lab3/index.php:0
[26-Feb-2018 01:00:40 UTC] PHP   2. getHand() /home/ubuntu/workspace/Labs/Lab3/index.php:81
[26-Feb-2018 01:00:40 UTC] PHP Warning:  Illegal offset type in /home/ubuntu/workspace/Labs/Lab3/index.php on line 69
[26-Feb-2018 01:00:40 UTC] PHP Stack trace:
[26-Feb-2018 01:00:40 UTC] PHP   1. {main}() /home/ubuntu/workspace/Labs/Lab3/index.php:0
[26-Feb-2018 01:00:40 UTC] PHP   2. getHand() /home/ubuntu/workspace/Labs/Lab3/index.php:81
[26-Feb-2018 01:00:40 UTC] PHP Warning:  Illegal offset type in /home/ubuntu/workspace/Labs/Lab3/index.php on line 69
[26-Feb-2018 01:00:40 UTC] PHP Stack trace:
[26-Feb-2018 01:00:40 UTC] PHP   1. {main}() /home/ubuntu/workspace/Labs/Lab3/index.php:0
[26-Feb-2018 01:00:40 UTC] PHP   2. getHand() /home/ubuntu/workspace/Labs/Lab3/index.php:81
[26-Feb-2018 01:00:40 UTC] PHP Warning:  Illegal offset type in /home/ubuntu/workspace/Labs/Lab3/index.php on line 69
[26-Feb-2018 01:00:40 UTC] PHP Stack trace:
[26-Feb-2018 01:00:40 UTC] PHP   1. {main}() /home/ubuntu/workspace/Labs/Lab3/index.php:0
[26-Feb-2018 01:00:40 UTC] PHP   2. getHand() /home/ubuntu/workspace/Labs/Lab3/index.php:82
[26-Feb-2018 01:00:40 UTC] PHP Warning:  Illegal offset type in /home/ubuntu/workspace/Labs/Lab3/index.php on line 69
[26-Feb-2018 01:00:40 UTC] PHP Stack trace:
[26-Feb-2018 01:00:40 UTC] PHP   1. {main}() /home/ubuntu/workspace/Labs/Lab3/index.php:0
[26-Feb-2018 01:00:40 UTC] PHP   2. getHand() /home/ubuntu/workspace/Labs/Lab3/index.php:82
[26-Feb-2018 01:00:40 UTC] PHP Warning:  Illegal offset type in /home/ubuntu/workspace/Labs/Lab3/index.php on line 69
[26-Feb-2018 01:00:40 UTC] PHP Stack trace:
[26-Feb-2018 01:00:40 UTC] PHP   1. {main}() /home/ubuntu/workspace/Labs/Lab3/index.php:0
[26-Feb-2018 01:00:40 UTC] PHP   2. getHand() /home/ubuntu/workspace/Labs/Lab3/index.php:82
[26-Feb-2018 01:00:40 UTC] PHP Warning:  Illegal offset type in /home/ubuntu/workspace/Labs/Lab3/index.php on line 69
[26-Feb-2018 01:00:40 UTC] PHP Stack trace:
[26-Feb-2018 01:00:40 UTC] PHP   1. {main}() /home/ubuntu/workspace/Labs/Lab3/index.php:0
[26-Feb-2018 01:00:40 UTC] PHP   2. getHand() /home/ubuntu/workspace/Labs/Lab3/index.php:82
[26-Feb-2018 01:00:40 UTC] PHP Warning:  Illegal offset type in /home/ubuntu/workspace/Labs/Lab3/index.php on line 69
[26-Feb-2018 01:00:40 UTC] PHP Stack trace:
[26-Feb-2018 01:00:40 UTC] PHP   1. {main}() /home/ubuntu/workspace/Labs/Lab3/index.php:0
[26-Feb-2018 01:00:40 UTC] PHP   2. getHand() /home/ubuntu/workspace/Labs/Lab3/index.php:82
[26-Feb-2018 01:00:40 UTC] PHP Warning:  Illegal offset type in /home/ubuntu/workspace/Labs/Lab3/index.php on line 69
[26-Feb-2018 01:00:40 UTC] PHP Stack trace:
[26-Feb-2018 01:00:40 UTC] PHP   1. {main}() /home/ubuntu/workspace/Labs/Lab3/index.php:0
[26-Feb-2018 01:00:40 UTC] PHP   2. getHand() /home/ubuntu/workspace/Labs/Lab3/index.php:83
[26-Feb-2018 01:00:40 UTC] PHP Warning:  Illegal offset type in /home/ubuntu/workspace/Labs/Lab3/index.php on line 69
[26-Feb-2018 01:00:40 UTC] PHP Stack trace:
[26-Feb-2018 01:00:40 UTC] PHP   1. {main}() /home/ubuntu/workspace/Labs/Lab3/index.php:0
[26-Feb-2018 01:00:40 UTC] PHP   2. getHand() /home/ubuntu/workspace/Labs/Lab3/index.php:83
[26-Feb-2018 01:00:40 UTC] PHP Warning:  Illegal offset type in /home/ubuntu/workspace/Labs/Lab3/index.php on line 69
[26-Feb-2018 01:00:40 UTC] PHP Stack trace:
[26-Feb-2018 01:00:40 UTC] PHP   1. {main}() /home/ubuntu/workspace/Labs/Lab3/index.php:0
[26-Feb-2018 01:00:40 UTC] PHP   2. getHand() /home/ubuntu/workspace/Labs/Lab3/index.php:83
[26-Feb-2018 01:00:40 UTC] PHP Warning:  Illegal offset type in /home/ubuntu/workspace/Labs/Lab3/index.php on line 69
[26-Feb-2018 01:00:40 UTC] PHP Stack trace:
[26-Feb-2018 01:00:40 UTC] PHP   1. {main}() /home/ubuntu/workspace/Labs/Lab3/index.php:0
[26-Feb-2018 01:00:40 UTC] PHP   2. getHand() /home/ubuntu/workspace/Labs/Lab3/index.php:83
[26-Feb-2018 01:00:40 UTC] PHP Warning:  Illegal offset type in /home/ubuntu/workspace/Labs/Lab3/index.php on line 69
[26-Feb-2018 01:00:40 UTC] PHP Stack trace:
[26-Feb-2018 01:00:40 UTC] PHP   1. {main}() /home/ubuntu/workspace/Labs/Lab3/index.php:0
[26-Feb-2018 01:00:40 UTC] PHP   2. getHand() /home/ubuntu/workspace/Labs/Lab3/index.php:83
[26-Feb-2018 01:00:40 UTC] PHP Warning:  Illegal offset type in /home/ubuntu/workspace/Labs/Lab3/index.php on line 69
[26-Feb-2018 01:00:40 UTC] PHP Stack trace:
[26-Feb-2018 01:00:40 UTC] PHP   1. {main}() /home/ubuntu/workspace/Labs/Lab3/index.php:0
[26-Feb-2018 01:00:40 UTC] PHP   2. getHand() /home/ubuntu/workspace/Labs/Lab3/index.php:84
[26-Feb-2018 01:00:40 UTC] PHP Warning:  Illegal offset type in /home/ubuntu/workspace/Labs/Lab3/index.php on line 69
[26-Feb-2018 01:00:40 UTC] PHP Stack trace:
[26-Feb-2018 01:00:40 UTC] PHP   1. {main}() /home/ubuntu/workspace/Labs/Lab3/index.php:0
[26-Feb-2018 01:00:40 UTC] PHP   2. getHand() /home/ubuntu/workspace/Labs/Lab3/index.php:84
[26-Feb-2018 01:00:40 UTC] PHP Warning:  Illegal offset type in /home/ubuntu/workspace/Labs/Lab3/index.php on line 69
[26-Feb-2018 01:00:40 UTC] PHP Stack trace:
[26-Feb-2018 01:00:40 UTC] PHP   1. {main}() /home/ubuntu/workspace/Labs/Lab3/index.php:0
[26-Feb-2018 01:00:40 UTC] PHP   2. getHand() /home/ubuntu/workspace/Labs/Lab3/index.php:84
[26-Feb-2018 01:00:40 UTC] PHP Warning:  Illegal offset type in /home/ubuntu/workspace/Labs/Lab3/index.php on line 69
[26-Feb-2018 01:00:40 UTC] PHP Stack trace:
[26-Feb-2018 01:00:40 UTC] PHP   1. {main}() /home/ubuntu/workspace/Labs/Lab3/index.php:0
[26-Feb-2018 01:00:40 UTC] PHP   2. getHand() /home/ubuntu/workspace/Labs/Lab3/index.php:84
[26-Feb-2018 01:02:34 UTC] PHP Warning:  Illegal string offset 'spades' in /home/ubuntu/workspace/Labs/Lab3/index.php on line 69
[26-Feb-2018 01:02:34 UTC] PHP Stack trace:
[26-Feb-2018 01:02:34 UTC] PHP   1. {main}() /home/ubuntu/workspace/Labs/Lab3/index.php:0
[26-Feb-2018 01:02:34 UTC] PHP   2. getHand() /home/ubuntu/workspace/Labs/Lab3/index.php:81
[26-Feb-2018 01:02:34 UTC] PHP Warning:  Illegal string offset 'clubs' in /home/ubuntu/workspace/Labs/Lab3/index.php on line 69
[26-Feb-2018 01:02:34 UTC] PHP Stack trace:
[26-Feb-2018 01:02:34 UTC] PHP   1. {main}() /home/ubuntu/workspace/Labs/Lab3/index.php:0
[26-Feb-2018 01:02:34 UTC] PHP   2. getHand() /home/ubuntu/workspace/Labs/Lab3/index.php:81
[26-Feb-2018 01:02:34 UTC] PHP Warning:  Illegal string offset 'hearts' in /home/ubuntu/workspace/Labs/Lab3/index.php on line 69
[26-Feb-2018 01:02:34 UTC] PHP Stack trace:
[26-Feb-2018 01:02:34 UTC] PHP   1. {main}() /home/ubuntu/workspace/Labs/Lab3/index.php:0
[26-Feb-2018 01:02:34 UTC] PHP   2. getHand() /home/ubuntu/workspace/Labs/Lab3/index.php:81
[26-Feb-2018 01:02:34 UTC] PHP Warning:  Illegal string offset 'hearts' in /home/ubuntu/workspace/Labs/Lab3/index.php on line 69
[26-Feb-2018 01:02:34 UTC] PHP Stack trace:
[26-Feb-2018 01:02:34 UTC] PHP   1. {main}() /home/ubuntu/workspace/Labs/Lab3/index.php:0
[26-Feb-2018 01:02:34 UTC] PHP   2. getHand() /home/ubuntu/workspace/Labs/Lab3/index.php:81
[26-Feb-2018 01:02:34 UTC] PHP Warning:  Illegal string offset 'clubs' in /home/ubuntu/workspace/Labs/Lab3/index.php on line 69
[26-Feb-2018 01:02:34 UTC] PHP Stack trace:
[26-Feb-2018 01:02:34 UTC] PHP   1. {main}() /home/ubuntu/workspace/Labs/Lab3/index.php:0
[26-Feb-2018 01:02:34 UTC] PHP   2. getHand() /home/ubuntu/workspace/Labs/Lab3/index.php:82
[26-Feb-2018 01:02:34 UTC] PHP Warning:  Illegal string offset 'diamonds' in /home/ubuntu/workspace/Labs/Lab3/index.php on line 69
[26-Feb-2018 01:02:34 UTC] PHP Stack trace:
[26-Feb-2018 01:02:34 UTC] PHP   1. {main}() /home/ubuntu/workspace/Labs/Lab3/index.php:0
[26-Feb-2018 01:02:34 UTC] PHP   2. getHand() /home/ubuntu/workspace/Labs/Lab3/index.php:82
[26-Feb-2018 01:02:34 UTC] PHP Warning:  Illegal string offset 'spades' in /home/ubuntu/workspace/Labs/Lab3/index.php on line 69
[26-Feb-2018 01:02:34 UTC] PHP Stack trace:
[26-Feb-2018 01:02:34 UTC] PHP   1. {main}() /home/ubuntu/workspace/Labs/Lab3/index.php:0
[26-Feb-2018 01:02:34 UTC] PHP   2. getHand() /home/ubuntu/workspace/Labs/Lab3/index.php:83
[26-Feb-2018 01:02:34 UTC] PHP Warning:  Illegal string offset 'hearts' in /home/ubuntu/workspace/Labs/Lab3/index.php on line 69
[26-Feb-2018 01:02:34 UTC] PHP Stack trace:
[26-Feb-2018 01:02:34 UTC] PHP   1. {main}() /home/ubuntu/workspace/Labs/Lab3/index.php:0
[26-Feb-2018 01:02:34 UTC] PHP   2. getHand() /home/ubuntu/workspace/Labs/Lab3/index.php:83
[26-Feb-2018 01:02:34 UTC] PHP Warning:  Illegal string offset 'clubs' in /home/ubuntu/workspace/Labs/Lab3/index.php on line 69
[26-Feb-2018 01:02:34 UTC] PHP Stack trace:
[26-Feb-2018 01:02:34 UTC] PHP   1. {main}() /home/ubuntu/workspace/Labs/Lab3/index.php:0
[26-Feb-2018 01:02:34 UTC] PHP   2. getHand() /home/ubuntu/workspace/Labs/Lab3/index.php:83
[26-Feb-2018 01:02:34 UTC] PHP Warning:  Illegal string offset 'diamonds' in /home/ubuntu/workspace/Labs/Lab3/index.php on line 69
[26-Feb-2018 01:02:34 UTC] PHP Stack trace:
[26-Feb-2018 01:02:34 UTC] PHP   1. {main}() /home/ubuntu/workspace/Labs/Lab3/index.php:0
[26-Feb-2018 01:02:34 UTC] PHP   2. getHand() /home/ubuntu/workspace/Labs/Lab3/index.php:83
[26-Feb-2018 01:02:34 UTC] PHP Warning:  Illegal string offset 'clubs' in /home/ubuntu/workspace/Labs/Lab3/index.php on line 69
[26-Feb-2018 01:02:34 UTC] PHP Stack trace:
[26-Feb-2018 01:02:34 UTC] PHP   1. {main}() /home/ubuntu/workspace/Labs/Lab3/index.php:0
[26-Feb-2018 01:02:34 UTC] PHP   2. getHand() /home/ubuntu/workspace/Labs/Lab3/index.php:83
[26-Feb-2018 01:02:34 UTC] PHP Warning:  Illegal string offset 'diamonds' in /home/ubuntu/workspace/Labs/Lab3/index.php on line 69
[26-Feb-2018 01:02:34 UTC] PHP Stack trace:
[26-Feb-2018 01:02:34 UTC] PHP   1. {main}() /home/ubuntu/workspace/Labs/Lab3/index.php:0
[26-Feb-2018 01:02:34 UTC] PHP   2. getHand() /home/ubuntu/workspace/Labs/Lab3/index.php:83
[26-Feb-2018 01:02:34 UTC] PHP Warning:  Illegal string offset 'clubs' in /home/ubuntu/workspace/Labs/Lab3/index.php on line 69
[26-Feb-2018 01:02:34 UTC] PHP Stack trace:
[26-Feb-2018 01:02:34 UTC] PHP   1. {main}() /home/ubuntu/workspace/Labs/Lab3/index.php:0
[26-Feb-2018 01:02:34 UTC] PHP   2. getHand() /home/ubuntu/workspace/Labs/Lab3/index.php:84
[26-Feb-2018 01:02:34 UTC] PHP Warning:  Illegal string offset 'spades' in /home/ubuntu/workspace/Labs/Lab3/index.php on line 69
[26-Feb-2018 01:02:34 UTC] PHP Stack trace:
[26-Feb-2018 01:02:34 UTC] PHP   1. {main}() /home/ubuntu/workspace/Labs/Lab3/index.php:0
[26-Feb-2018 01:02:34 UTC] PHP   2. getHand() /home/ubuntu/workspace/Labs/Lab3/index.php:84
[26-Feb-2018 01:02:34 UTC] PHP Warning:  Illegal string offset 'spades' in /home/ubuntu/workspace/Labs/Lab3/index.php on line 69
[26-Feb-2018 01:02:34 UTC] PHP Stack trace:
[26-Feb-2018 01:02:34 UTC] PHP   1. {main}() /home/ubuntu/workspace/Labs/Lab3/index.php:0
[26-Feb-2018 01:02:34 UTC] PHP   2. getHand() /home/ubuntu/workspace/Labs/Lab3/index.php:84
[26-Feb-2018 01:02:34 UTC] PHP Warning:  Illegal string offset 'spades' in /home/ubuntu/workspace/Labs/Lab3/index.php on line 69
[26-Feb-2018 01:02:34 UTC] PHP Stack trace:
[26-Feb-2018 01:02:34 UTC] PHP   1. {main}() /home/ubuntu/workspace/Labs/Lab3/index.php:0
[26-Feb-2018 01:02:34 UTC] PHP   2. getHand() /home/ubuntu/workspace/Labs/Lab3/index.php:84
[26-Feb-2018 01:03:02 UTC] PHP Warning:  Illegal offset type in /home/ubuntu/workspace/Labs/Lab3/index.php on line 69
[26-Feb-2018 01:03:02 UTC] PHP Stack trace:
[26-Feb-2018 01:03:02 UTC] PHP   1. {main}() /home/ubuntu/workspace/Labs/Lab3/index.php:0
[26-Feb-2018 01:03:02 UTC] PHP   2. getHand() /home/ubuntu/workspace/Labs/Lab3/index.php:81
[26-Feb-2018 01:03:02 UTC] PHP Warning:  Illegal offset type in /home/ubuntu/workspace/Labs/Lab3/index.php on line 69
[26-Feb-2018 01:03:02 UTC] PHP Stack trace:
[26-Feb-2018 01:03:02 UTC] PHP   1. {main}() /home/ubuntu/workspace/Labs/Lab3/index.php:0
[26-Feb-2018 01:03:02 UTC] PHP   2. getHand() /home/ubuntu/workspace/Labs/Lab3/index.php:81
[26-Feb-2018 01:03:02 UTC] PHP Warning:  Illegal offset type in /home/ubuntu/workspace/Labs/Lab3/index.php on line 69
[26-Feb-2018 01:03:02 UTC] PHP Stack trace:
[26-Feb-2018 01:03:02 UTC] PHP   1. {main}() /home/ubuntu/workspace/Labs/Lab3/index.php:0
[26-Feb-2018 01:03:02 UTC] PHP   2. getHand() /home/ubuntu/workspace/Labs/Lab3/index.php:81
[26-Feb-2018 01:03:02 UTC] PHP Warning:  Illegal offset type in /home/ubuntu/workspace/Labs/Lab3/index.php on line 69
[26-Feb-2018 01:03:02 UTC] PHP Stack trace:
[26-Feb-2018 01:03:02 UTC] PHP   1. {main}() /home/ubuntu/workspace/Labs/Lab3/index.php:0
[26-Feb-2018 01:03:02 UTC] PHP   2. getHand() /home/ubuntu/workspace/Labs/Lab3/index.php:81
[26-Feb-2018 01:03:02 UTC] PHP Warning:  Illegal offset type in /home/ubuntu/workspace/Labs/Lab3/index.php on line 69
[26-Feb-2018 01:03:02 UTC] PHP Stack trace:
[26-Feb-2018 01:03:02 UTC] PHP   1. {main}() /home/ubuntu/workspace/Labs/Lab3/index.php:0
[26-Feb-2018 01:03:02 UTC] PHP   2. getHand() /home/ubuntu/workspace/Labs/Lab3/index.php:81
[26-Feb-2018 01:03:02 UTC] PHP Warning:  Illegal offset type in /home/ubuntu/workspace/Labs/Lab3/index.php on line 69
[26-Feb-2018 01:03:02 UTC] PHP Stack trace:
[26-Feb-2018 01:03:02 UTC] PHP   1. {main}() /home/ubuntu/workspace/Labs/Lab3/index.php:0
[26-Feb-2018 01:03:02 UTC] PHP   2. getHand() /home/ubuntu/workspace/Labs/Lab3/index.php:82
[26-Feb-2018 01:03:02 UTC] PHP Warning:  Illegal offset type in /home/ubuntu/workspace/Labs/Lab3/index.php on line 69
[26-Feb-2018 01:03:02 UTC] PHP Stack trace:
[26-Feb-2018 01:03:02 UTC] PHP   1. {main}() /home/ubuntu/workspace/Labs/Lab3/index.php:0
[26-Feb-2018 01:03:02 UTC] PHP   2. getHand() /home/ubuntu/workspace/Labs/Lab3/index.php:82
[26-Feb-2018 01:03:02 UTC] PHP Warning:  Illegal offset type in /home/ubuntu/workspace/Labs/Lab3/index.php on line 69
[26-Feb-2018 01:03:02 UTC] PHP Stack trace:
[26-Feb-2018 01:03:02 UTC] PHP   1. {main}() /home/ubuntu/workspace/Labs/Lab3/index.php:0
[26-Feb-2018 01:03:02 UTC] PHP   2. getHand() /home/ubuntu/workspace/Labs/Lab3/index.php:82
[26-Feb-2018 01:03:02 UTC] PHP Warning:  Illegal offset type in /home/ubuntu/workspace/Labs/Lab3/index.php on line 69
[26-Feb-2018 01:03:02 UTC] PHP Stack trace:
[26-Feb-2018 01:03:02 UTC] PHP   1. {main}() /home/ubuntu/workspace/Labs/Lab3/index.php:0
[26-Feb-2018 01:03:02 UTC] PHP   2. getHand() /home/ubuntu/workspace/Labs/Lab3/index.php:82
[26-Feb-2018 01:03:02 UTC] PHP Warning:  Illegal offset type in /home/ubuntu/workspace/Labs/Lab3/index.php on line 69
[26-Feb-2018 01:03:02 UTC] PHP Stack trace:
[26-Feb-2018 01:03:02 UTC] PHP   1. {main}() /home/ubuntu/workspace/Labs/Lab3/index.php:0
[26-Feb-2018 01:03:02 UTC] PHP   2. getHand() /home/ubuntu/workspace/Labs/Lab3/index.php:82
[26-Feb-2018 01:03:02 UTC] PHP Warning:  Illegal offset type in /home/ubuntu/workspace/Labs/Lab3/index.php on line 69
[26-Feb-2018 01:03:02 UTC] PHP Stack trace:
[26-Feb-2018 01:03:02 UTC] PHP   1. {main}() /home/ubuntu/workspace/Labs/Lab3/index.php:0
[26-Feb-2018 01:03:02 UTC] PHP   2. getHand() /home/ubuntu/workspace/Labs/Lab3/index.php:83
[26-Feb-2018 01:03:02 UTC] PHP Warning:  Illegal offset type in /home/ubuntu/workspace/Labs/Lab3/index.php on line 69
[26-Feb-2018 01:03:02 UTC] PHP Stack trace:
[26-Feb-2018 01:03:02 UTC] PHP   1. {main}() /home/ubuntu/workspace/Labs/Lab3/index.php:0
[26-Feb-2018 01:03:02 UTC] PHP   2. getHand() /home/ubuntu/workspace/Labs/Lab3/index.php:83
[26-Feb-2018 01:03:02 UTC] PHP Warning:  Illegal offset type in /home/ubuntu/workspace/Labs/Lab3/index.php on line 69
[26-Feb-2018 01:03:02 UTC] PHP Stack trace:
[26-Feb-2018 01:03:02 UTC] PHP   1. {main}() /home/ubuntu/workspace/Labs/Lab3/index.php:0
[26-Feb-2018 01:03:02 UTC] PHP   2. getHand() /home/ubuntu/workspace/Labs/Lab3/index.php:83
[26-Feb-2018 01:03:02 UTC] PHP Warning:  Illegal offset type in /home/ubuntu/workspace/Labs/Lab3/index.php on line 69
[26-Feb-2018 01:03:02 UTC] PHP Stack trace:
[26-Feb-2018 01:03:02 UTC] PHP   1. {main}() /home/ubuntu/workspace/Labs/Lab3/index.php:0
[26-Feb-2018 01:03:02 UTC] PHP   2. getHand() /home/ubuntu/workspace/Labs/Lab3/index.php:83
[26-Feb-2018 01:03:02 UTC] PHP Warning:  Illegal offset type in /home/ubuntu/workspace/Labs/Lab3/index.php on line 69
[26-Feb-2018 01:03:02 UTC] PHP Stack trace:
[26-Feb-2018 01:03:02 UTC] PHP   1. {main}() /home/ubuntu/workspace/Labs/Lab3/index.php:0
[26-Feb-2018 01:03:02 UTC] PHP   2. getHand() /home/ubuntu/workspace/Labs/Lab3/index.php:83
[26-Feb-2018 01:03:02 UTC] PHP Warning:  Illegal offset type in /home/ubuntu/workspace/Labs/Lab3/index.php on line 69
[26-Feb-2018 01:03:02 UTC] PHP Stack trace:
[26-Feb-2018 01:03:02 UTC] PHP   1. {main}() /home/ubuntu/workspace/Labs/Lab3/index.php:0
[26-Feb-2018 01:03:02 UTC] PHP   2. getHand() /home/ubuntu/workspace/Labs/Lab3/index.php:84
[26-Feb-2018 01:03:02 UTC] PHP Warning:  Illegal offset type in /home/ubuntu/workspace/Labs/Lab3/index.php on line 69
[26-Feb-2018 01:03:02 UTC] PHP Stack trace:
[26-Feb-2018 01:03:02 UTC] PHP   1. {main}() /home/ubuntu/workspace/Labs/Lab3/index.php:0
[26-Feb-2018 01:03:02 UTC] PHP   2. getHand() /home/ubuntu/workspace/Labs/Lab3/index.php:84
[26-Feb-2018 01:03:02 UTC] PHP Warning:  Illegal offset type in /home/ubuntu/workspace/Labs/Lab3/index.php on line 69
[26-Feb-2018 01:03:02 UTC] PHP Stack trace:
[26-Feb-2018 01:03:02 UTC] PHP   1. {main}() /home/ubuntu/workspace/Labs/Lab3/index.php:0
[26-Feb-2018 01:03:02 UTC] PHP   2. getHand() /home/ubuntu/workspace/Labs/Lab3/index.php:84
[26-Feb-2018 01:03:02 UTC] PHP Warning:  Illegal offset type in /home/ubuntu/workspace/Labs/Lab3/index.php on line 69
[26-Feb-2018 01:03:02 UTC] PHP Stack trace:
[26-Feb-2018 01:03:02 UTC] PHP   1. {main}() /home/ubuntu/workspace/Labs/Lab3/index.php:0
[26-Feb-2018 01:03:02 UTC] PHP   2. getHand() /home/ubuntu/workspace/Labs/Lab3/index.php:84
[26-Feb-2018 01:03:02 UTC] PHP Warning:  Illegal offset type in /home/ubuntu/workspace/Labs/Lab3/index.php on line 69
[26-Feb-2018 01:03:02 UTC] PHP Stack trace:
[26-Feb-2018 01:03:02 UTC] PHP   1. {main}() /home/ubuntu/workspace/Labs/Lab3/index.php:0
[26-Feb-2018 01:03:02 UTC] PHP   2. getHand() /home/ubuntu/workspace/Labs/Lab3/index.php:84
[26-Feb-2018 01:03:02 UTC] PHP Warning:  Illegal offset type in /home/ubuntu/workspace/Labs/Lab3/index.php on line 69
[26-Feb-2018 01:03:02 UTC] PHP Stack trace:
[26-Feb-2018 01:03:02 UTC] PHP   1. {main}() /home/ubuntu/workspace/Labs/Lab3/index.php:0
[26-Feb-2018 01:03:02 UTC] PHP   2. getHand() /home/ubuntu/workspace/Labs/Lab3/index.php:84
[26-Feb-2018 01:03:34 UTC] PHP Warning:  Illegal offset type in /home/ubuntu/workspace/Labs/Lab3/index.php on line 69
[26-Feb-2018 01:03:34 UTC] PHP Stack trace:
[26-Feb-2018 01:03:34 UTC] PHP   1. {main}() /home/ubuntu/workspace/Labs/Lab3/index.php:0
[26-Feb-2018 01:03:34 UTC] PHP   2. getHand() /home/ubuntu/workspace/Labs/Lab3/index.php:81
[26-Feb-2018 01:03:34 UTC] PHP Warning:  Illegal offset type in /home/ubuntu/workspace/Labs/Lab3/index.php on line 69
[26-Feb-2018 01:03:34 UTC] PHP Stack trace:
[26-Feb-2018 01:03:34 UTC] PHP   1. {main}() /home/ubuntu/workspace/Labs/Lab3/index.php:0
[26-Feb-2018 01:03:34 UTC] PHP   2. getHand() /home/ubuntu/workspace/Labs/Lab3/index.php:81
[26-Feb-2018 01:03:34 UTC] PHP Warning:  Illegal offset type in /home/ubuntu/workspace/Labs/Lab3/index.php on line 69
[26-Feb-2018 01:03:34 UTC] PHP Stack trace:
[26-Feb-2018 01:03:34 UTC] PHP   1. {main}() /home/ubuntu/workspace/Labs/Lab3/index.php:0
[26-Feb-2018 01:03:34 UTC] PHP   2. getHand() /home/ubuntu/workspace/Labs/Lab3/index.php:81
[26-Feb-2018 01:03:34 UTC] PHP Warning:  Illegal offset type in /home/ubuntu/workspace/Labs/Lab3/index.php on line 69
[26-Feb-2018 01:03:34 UTC] PHP Stack trace:
[26-Feb-2018 01:03:34 UTC] PHP   1. {main}() /home/ubuntu/workspace/Labs/Lab3/index.php:0
[26-Feb-2018 01:03:34 UTC] PHP   2. getHand() /home/ubuntu/workspace/Labs/Lab3/index.php:82
[26-Feb-2018 01:03:34 UTC] PHP Warning:  Illegal offset type in /home/ubuntu/workspace/Labs/Lab3/index.php on line 69
[26-Feb-2018 01:03:34 UTC] PHP Stack trace:
[26-Feb-2018 01:03:34 UTC] PHP   1. {main}() /home/ubuntu/workspace/Labs/Lab3/index.php:0
[26-Feb-2018 01:03:34 UTC] PHP   2. getHand() /home/ubuntu/workspace/Labs/Lab3/index.php:82
[26-Feb-2018 01:03:34 UTC] PHP Warning:  Illegal offset type in /home/ubuntu/workspace/Labs/Lab3/index.php on line 69
[26-Feb-2018 01:03:34 UTC] PHP Stack trace:
[26-Feb-2018 01:03:34 UTC] PHP   1. {main}() /home/ubuntu/workspace/Labs/Lab3/index.php:0
[26-Feb-2018 01:03:34 UTC] PHP   2. getHand() /home/ubuntu/workspace/Labs/Lab3/index.php:82
[26-Feb-2018 01:03:34 UTC] PHP Warning:  Illegal offset type in /home/ubuntu/workspace/Labs/Lab3/index.php on line 69
[26-Feb-2018 01:03:34 UTC] PHP Stack trace:
[26-Feb-2018 01:03:34 UTC] PHP   1. {main}() /home/ubuntu/workspace/Labs/Lab3/index.php:0
[26-Feb-2018 01:03:34 UTC] PHP   2. getHand() /home/ubuntu/workspace/Labs/Lab3/index.php:82
[26-Feb-2018 01:03:34 UTC] PHP Warning:  Illegal offset type in /home/ubuntu/workspace/Labs/Lab3/index.php on line 69
[26-Feb-2018 01:03:34 UTC] PHP Stack trace:
[26-Feb-2018 01:03:34 UTC] PHP   1. {main}() /home/ubuntu/workspace/Labs/Lab3/index.php:0
[26-Feb-2018 01:03:34 UTC] PHP   2. getHand() /home/ubuntu/workspace/Labs/Lab3/index.php:82
[26-Feb-2018 01:03:34 UTC] PHP Warning:  Illegal offset type in /home/ubuntu/workspace/Labs/Lab3/index.php on line 69
[26-Feb-2018 01:03:34 UTC] PHP Stack trace:
[26-Feb-2018 01:03:34 UTC] PHP   1. {main}() /home/ubuntu/workspace/Labs/Lab3/index.php:0
[26-Feb-2018 01:03:34 UTC] PHP   2. getHand() /home/ubuntu/workspace/Labs/Lab3/index.php:82
[26-Feb-2018 01:03:34 UTC] PHP Warning:  Illegal offset type in /home/ubuntu/workspace/Labs/Lab3/index.php on line 69
[26-Feb-2018 01:03:34 UTC] PHP Stack trace:
[26-Feb-2018 01:03:34 UTC] PHP   1. {main}() /home/ubuntu/workspace/Labs/Lab3/index.php:0
[26-Feb-2018 01:03:34 UTC] PHP   2. getHand() /home/ubuntu/workspace/Labs/Lab3/index.php:82
[26-Feb-2018 01:03:34 UTC] PHP Warning:  Illegal offset type in /home/ubuntu/workspace/Labs/Lab3/index.php on line 69
[26-Feb-2018 01:03:34 UTC] PHP Stack trace:
[26-Feb-2018 01:03:34 UTC] PHP   1. {main}() /home/ubuntu/workspace/Labs/Lab3/index.php:0
[26-Feb-2018 01:03:34 UTC] PHP   2. getHand() /home/ubuntu/workspace/Labs/Lab3/index.php:83
[26-Feb-2018 01:03:34 UTC] PHP Warning:  Illegal offset type in /home/ubuntu/workspace/Labs/Lab3/index.php on line 69
[26-Feb-2018 01:03:34 UTC] PHP Stack trace:
[26-Feb-2018 01:03:34 UTC] PHP   1. {main}() /home/ubuntu/workspace/Labs/Lab3/index.php:0
[26-Feb-2018 01:03:34 UTC] PHP   2. getHand() /home/ubuntu/workspace/Labs/Lab3/index.php:83
[26-Feb-2018 01:03:34 UTC] PHP Warning:  Illegal offset type in /home/ubuntu/workspace/Labs/Lab3/index.php on line 69
[26-Feb-2018 01:03:34 UTC] PHP Stack trace:
[26-Feb-2018 01:03:34 UTC] PHP   1. {main}() /home/ubuntu/workspace/Labs/Lab3/index.php:0
[26-Feb-2018 01:03:34 UTC] PHP   2. getHand() /home/ubuntu/workspace/Labs/Lab3/index.php:83
[26-Feb-2018 01:03:34 UTC] PHP Warning:  Illegal offset type in /home/ubuntu/workspace/Labs/Lab3/index.php on line 69
[26-Feb-2018 01:03:34 UTC] PHP Stack trace:
[26-Feb-2018 01:03:34 UTC] PHP   1. {main}() /home/ubuntu/workspace/Labs/Lab3/index.php:0
[26-Feb-2018 01:03:34 UTC] PHP   2. getHand() /home/ubuntu/workspace/Labs/Lab3/index.php:84
[26-Feb-2018 01:03:34 UTC] PHP Warning:  Illegal offset type in /home/ubuntu/workspace/Labs/Lab3/index.php on line 69
[26-Feb-2018 01:03:34 UTC] PHP Stack trace:
[26-Feb-2018 01:03:34 UTC] PHP   1. {main}() /home/ubuntu/workspace/Labs/Lab3/index.php:0
[26-Feb-2018 01:03:34 UTC] PHP   2. getHand() /home/ubuntu/workspace/Labs/Lab3/index.php:84
[26-Feb-2018 01:03:34 UTC] PHP Warning:  Illegal offset type in /home/ubuntu/workspace/Labs/Lab3/index.php on line 69
[26-Feb-2018 01:03:34 UTC] PHP Stack trace:
[26-Feb-2018 01:03:34 UTC] PHP   1. {main}() /home/ubuntu/workspace/Labs/Lab3/index.php:0
[26-Feb-2018 01:03:34 UTC] PHP   2. getHand() /home/ubuntu/workspace/Labs/Lab3/index.php:84
[26-Feb-2018 01:03:34 UTC] PHP Warning:  Illegal offset type in /home/ubuntu/workspace/Labs/Lab3/index.php on line 69
[26-Feb-2018 01:03:34 UTC] PHP Stack trace:
[26-Feb-2018 01:03:34 UTC] PHP   1. {main}() /home/ubuntu/workspace/Labs/Lab3/index.php:0
[26-Feb-2018 01:03:34 UTC] PHP   2. getHand() /home/ubuntu/workspace/Labs/Lab3/index.php:84
[26-Feb-2018 01:03:34 UTC] PHP Warning:  Illegal offset type in /home/ubuntu/workspace/Labs/Lab3/index.php on line 69
[26-Feb-2018 01:03:34 UTC] PHP Stack trace:
[26-Feb-2018 01:03:34 UTC] PHP   1. {main}() /home/ubuntu/workspace/Labs/Lab3/index.php:0
[26-Feb-2018 01:03:34 UTC] PHP   2. getHand() /home/ubuntu/workspace/Labs/Lab3/index.php:84
[26-Feb-2018 01:03:45 UTC] PHP Warning:  Illegal offset type in /home/ubuntu/workspace/Labs/Lab3/index.php on line 69
[26-Feb-2018 01:03:45 UTC] PHP Stack trace:
[26-Feb-2018 01:03:45 UTC] PHP   1. {main}() /home/ubuntu/workspace/Labs/Lab3/index.php:0
[26-Feb-2018 01:03:45 UTC] PHP   2. getHand() /home/ubuntu/workspace/Labs/Lab3/index.php:81
[26-Feb-2018 01:03:45 UTC] PHP Warning:  Illegal offset type in /home/ubuntu/workspace/Labs/Lab3/index.php on line 69
[26-Feb-2018 01:03:45 UTC] PHP Stack trace:
[26-Feb-2018 01:03:45 UTC] PHP   1. {main}() /home/ubuntu/workspace/Labs/Lab3/index.php:0
[26-Feb-2018 01:03:45 UTC] PHP   2. getHand() /home/ubuntu/workspace/Labs/Lab3/index.php:81
[26-Feb-2018 01:03:45 UTC] PHP Warning:  Illegal offset type in /home/ubuntu/workspace/Labs/Lab3/index.php on line 69
[26-Feb-2018 01:03:45 UTC] PHP Stack trace:
[26-Feb-2018 01:03:45 UTC] PHP   1. {main}() /home/ubuntu/workspace/Labs/Lab3/index.php:0
[26-Feb-2018 01:03:45 UTC] PHP   2. getHand() /home/ubuntu/workspace/Labs/Lab3/index.php:81
[26-Feb-2018 01:03:45 UTC] PHP Warning:  Illegal offset type in /home/ubuntu/workspace/Labs/Lab3/index.php on line 69
[26-Feb-2018 01:03:45 UTC] PHP Stack trace:
[26-Feb-2018 01:03:45 UTC] PHP   1. {main}() /home/ubuntu/workspace/Labs/Lab3/index.php:0
[26-Feb-2018 01:03:45 UTC] PHP   2. getHand() /home/ubuntu/workspace/Labs/Lab3/index.php:81
[26-Feb-2018 01:03:45 UTC] PHP Warning:  Illegal offset type in /home/ubuntu/workspace/Labs/Lab3/index.php on line 69
[26-Feb-2018 01:03:45 UTC] PHP Stack trace:
[26-Feb-2018 01:03:45 UTC] PHP   1. {main}() /home/ubuntu/workspace/Labs/Lab3/index.php:0
[26-Feb-2018 01:03:45 UTC] PHP   2. getHand() /home/ubuntu/workspace/Labs/Lab3/index.php:81
[26-Feb-2018 01:03:45 UTC] PHP Warning:  Illegal offset type in /home/ubuntu/workspace/Labs/Lab3/index.php on line 69
[26-Feb-2018 01:03:45 UTC] PHP Stack trace:
[26-Feb-2018 01:03:45 UTC] PHP   1. {main}() /home/ubuntu/workspace/Labs/Lab3/index.php:0
[26-Feb-2018 01:03:45 UTC] PHP   2. getHand() /home/ubuntu/workspace/Labs/Lab3/index.php:81
[26-Feb-2018 01:03:45 UTC] PHP Warning:  Illegal offset type in /home/ubuntu/workspace/Labs/Lab3/index.php on line 69
[26-Feb-2018 01:03:45 UTC] PHP Stack trace:
[26-Feb-2018 01:03:45 UTC] PHP   1. {main}() /home/ubuntu/workspace/Labs/Lab3/index.php:0
[26-Feb-2018 01:03:45 UTC] PHP   2. getHand() /home/ubuntu/workspace/Labs/Lab3/index.php:82
[26-Feb-2018 01:03:45 UTC] PHP Warning:  Illegal offset type in /home/ubuntu/workspace/Labs/Lab3/index.php on line 69
[26-Feb-2018 01:03:45 UTC] PHP Stack trace:
[26-Feb-2018 01:03:45 UTC] PHP   1. {main}() /home/ubuntu/workspace/Labs/Lab3/index.php:0
[26-Feb-2018 01:03:45 UTC] PHP   2. getHand() /home/ubuntu/workspace/Labs/Lab3/index.php:82
[26-Feb-2018 01:03:45 UTC] PHP Warning:  Illegal offset type in /home/ubuntu/workspace/Labs/Lab3/index.php on line 69
[26-Feb-2018 01:03:45 UTC] PHP Stack trace:
[26-Feb-2018 01:03:45 UTC] PHP   1. {main}() /home/ubuntu/workspace/Labs/Lab3/index.php:0
[26-Feb-2018 01:03:45 UTC] PHP   2. getHand() /home/ubuntu/workspace/Labs/Lab3/index.php:82
[26-Feb-2018 01:03:45 UTC] PHP Warning:  Illegal offset type in /home/ubuntu/workspace/Labs/Lab3/index.php on line 69
[26-Feb-2018 01:03:45 UTC] PHP Stack trace:
[26-Feb-2018 01:03:45 UTC] PHP   1. {main}() /home/ubuntu/workspace/Labs/Lab3/index.php:0
[26-Feb-2018 01:03:45 UTC] PHP   2. getHand() /home/ubuntu/workspace/Labs/Lab3/index.php:83
[26-Feb-2018 01:03:45 UTC] PHP Warning:  Illegal offset type in /home/ubuntu/workspace/Labs/Lab3/index.php on line 69
[26-Feb-2018 01:03:45 UTC] PHP Stack trace:
[26-Feb-2018 01:03:45 UTC] PHP   1. {main}() /home/ubuntu/workspace/Labs/Lab3/index.php:0
[26-Feb-2018 01:03:45 UTC] PHP   2. getHand() /home/ubuntu/workspace/Labs/Lab3/index.php:83
[26-Feb-2018 01:03:45 UTC] PHP Warning:  Illegal offset type in /home/ubuntu/workspace/Labs/Lab3/index.php on line 69
[26-Feb-2018 01:03:45 UTC] PHP Stack trace:
[26-Feb-2018 01:03:45 UTC] PHP   1. {main}() /home/ubuntu/workspace/Labs/Lab3/index.php:0
[26-Feb-2018 01:03:45 UTC] PHP   2. getHand() /home/ubuntu/workspace/Labs/Lab3/index.php:83
[26-Feb-2018 01:03:45 UTC] PHP Warning:  Illegal offset type in /home/ubuntu/workspace/Labs/Lab3/index.php on line 69
[26-Feb-2018 01:03:45 UTC] PHP Stack trace:
[26-Feb-2018 01:03:45 UTC] PHP   1. {main}() /home/ubuntu/workspace/Labs/Lab3/index.php:0
[26-Feb-2018 01:03:45 UTC] PHP   2. getHand() /home/ubuntu/workspace/Labs/Lab3/index.php:83
[26-Feb-2018 01:03:45 UTC] PHP Warning:  Illegal offset type in /home/ubuntu/workspace/Labs/Lab3/index.php on line 69
[26-Feb-2018 01:03:45 UTC] PHP Stack trace:
[26-Feb-2018 01:03:45 UTC] PHP   1. {main}() /home/ubuntu/workspace/Labs/Lab3/index.php:0
[26-Feb-2018 01:03:45 UTC] PHP   2. getHand() /home/ubuntu/workspace/Labs/Lab3/index.php:83
[26-Feb-2018 01:03:45 UTC] PHP Warning:  Illegal offset type in /home/ubuntu/workspace/Labs/Lab3/index.php on line 69
[26-Feb-2018 01:03:45 UTC] PHP Stack trace:
[26-Feb-2018 01:03:45 UTC] PHP   1. {main}() /home/ubuntu/workspace/Labs/Lab3/index.php:0
[26-Feb-2018 01:03:45 UTC] PHP   2. getHand() /home/ubuntu/workspace/Labs/Lab3/index.php:83
[26-Feb-2018 01:03:45 UTC] PHP Warning:  Illegal offset type in /home/ubuntu/workspace/Labs/Lab3/index.php on line 69
[26-Feb-2018 01:03:45 UTC] PHP Stack trace:
[26-Feb-2018 01:03:45 UTC] PHP   1. {main}() /home/ubuntu/workspace/Labs/Lab3/index.php:0
[26-Feb-2018 01:03:45 UTC] PHP   2. getHand() /home/ubuntu/workspace/Labs/Lab3/index.php:83
[26-Feb-2018 01:03:45 UTC] PHP Warning:  Illegal offset type in /home/ubuntu/workspace/Labs/Lab3/index.php on line 69
[26-Feb-2018 01:03:45 UTC] PHP Stack trace:
[26-Feb-2018 01:03:45 UTC] PHP   1. {main}() /home/ubuntu/workspace/Labs/Lab3/index.php:0
[26-Feb-2018 01:03:45 UTC] PHP   2. getHand() /home/ubuntu/workspace/Labs/Lab3/index.php:83
[26-Feb-2018 01:03:45 UTC] PHP Warning:  Illegal offset type in /home/ubuntu/workspace/Labs/Lab3/index.php on line 69
[26-Feb-2018 01:03:45 UTC] PHP Stack trace:
[26-Feb-2018 01:03:45 UTC] PHP   1. {main}() /home/ubuntu/workspace/Labs/Lab3/index.php:0
[26-Feb-2018 01:03:45 UTC] PHP   2. getHand() /home/ubuntu/workspace/Labs/Lab3/index.php:84
[26-Feb-2018 01:03:45 UTC] PHP Warning:  Illegal offset type in /home/ubuntu/workspace/Labs/Lab3/index.php on line 69
[26-Feb-2018 01:03:45 UTC] PHP Stack trace:
[26-Feb-2018 01:03:45 UTC] PHP   1. {main}() /home/ubuntu/workspace/Labs/Lab3/index.php:0
[26-Feb-2018 01:03:45 UTC] PHP   2. getHand() /home/ubuntu/workspace/Labs/Lab3/index.php:84
[26-Feb-2018 01:03:45 UTC] PHP Warning:  Illegal offset type in /home/ubuntu/workspace/Labs/Lab3/index.php on line 69
[26-Feb-2018 01:03:45 UTC] PHP Stack trace:
[26-Feb-2018 01:03:45 UTC] PHP   1. {main}() /home/ubuntu/workspace/Labs/Lab3/index.php:0
[26-Feb-2018 01:03:45 UTC] PHP   2. getHand() /home/ubuntu/workspace/Labs/Lab3/index.php:84
[26-Feb-2018 01:03:45 UTC] PHP Warning:  Illegal offset type in /home/ubuntu/workspace/Labs/Lab3/index.php on line 69
[26-Feb-2018 01:03:45 UTC] PHP Stack trace:
[26-Feb-2018 01:03:45 UTC] PHP   1. {main}() /home/ubuntu/workspace/Labs/Lab3/index.php:0
[26-Feb-2018 01:03:45 UTC] PHP   2. getHand() /home/ubuntu/workspace/Labs/Lab3/index.php:84
[26-Feb-2018 01:13:41 UTC] PHP Warning:  Illegal offset type in /home/ubuntu/workspace/Labs/Lab3/index.php on line 87
[26-Feb-2018 01:13:41 UTC] PHP Stack trace:
[26-Feb-2018 01:13:41 UTC] PHP   1. {main}() /home/ubuntu/workspace/Labs/Lab3/index.php:0
[26-Feb-2018 01:13:41 UTC] PHP Warning:  Illegal offset type in /home/ubuntu/workspace/Labs/Lab3/index.php on line 87
[26-Feb-2018 01:13:41 UTC] PHP Stack trace:
[26-Feb-2018 01:13:41 UTC] PHP   1. {main}() /home/ubuntu/workspace/Labs/Lab3/index.php:0
[26-Feb-2018 01:13:41 UTC] PHP Warning:  Illegal offset type in /home/ubuntu/workspace/Labs/Lab3/index.php on line 87
[26-Feb-2018 01:13:41 UTC] PHP Stack trace:
[26-Feb-2018 01:13:41 UTC] PHP   1. {main}() /home/ubuntu/workspace/Labs/Lab3/index.php:0
[26-Feb-2018 01:13:41 UTC] PHP Warning:  Illegal offset type in /home/ubuntu/workspace/Labs/Lab3/index.php on line 87
[26-Feb-2018 01:13:41 UTC] PHP Stack trace:
[26-Feb-2018 01:13:41 UTC] PHP   1. {main}() /home/ubuntu/workspace/Labs/Lab3/index.php:0
[26-Feb-2018 01:16:08 UTC] PHP Warning:  Illegal offset type in /home/ubuntu/workspace/Labs/Lab3/index.php on line 87
[26-Feb-2018 01:16:08 UTC] PHP Stack trace:
[26-Feb-2018 01:16:08 UTC] PHP   1. {main}() /home/ubuntu/workspace/Labs/Lab3/index.php:0
[26-Feb-2018 01:16:08 UTC] PHP Warning:  Illegal offset type in /home/ubuntu/workspace/Labs/Lab3/index.php on line 87
[26-Feb-2018 01:16:08 UTC] PHP Stack trace:
[26-Feb-2018 01:16:08 UTC] PHP   1. {main}() /home/ubuntu/workspace/Labs/Lab3/index.php:0
[26-Feb-2018 01:16:08 UTC] PHP Warning:  Illegal offset type in /home/ubuntu/workspace/Labs/Lab3/index.php on line 87
[26-Feb-2018 01:16:08 UTC] PHP Stack trace:
[26-Feb-2018 01:16:08 UTC] PHP   1. {main}() /home/ubuntu/workspace/Labs/Lab3/index.php:0
[26-Feb-2018 01:16:08 UTC] PHP Warning:  Illegal offset type in /home/ubuntu/workspace/Labs/Lab3/index.php on line 87
[26-Feb-2018 01:16:08 UTC] PHP Stack trace:
[26-Feb-2018 01:16:08 UTC] PHP   1. {main}() /home/ubuntu/workspace/Labs/Lab3/index.php:0
[26-Feb-2018 02:21:07 UTC] PHP Warning:  Illegal offset type in /home/ubuntu/workspace/Labs/Lab3/index.php on line 88
[26-Feb-2018 02:21:07 UTC] PHP Stack trace:
[26-Feb-2018 02:21:07 UTC] PHP   1. {main}() /home/ubuntu/workspace/Labs/Lab3/index.php:0
[26-Feb-2018 02:21:22 UTC] PHP Warning:  Illegal offset type in /home/ubuntu/workspace/Labs/Lab3/index.php on line 88
[26-Feb-2018 02:21:22 UTC] PHP Stack trace:
[26-Feb-2018 02:21:22 UTC] PHP   1. {main}() /home/ubuntu/workspace/Labs/Lab3/index.php:0
[26-Feb-2018 02:21:24 UTC] PHP Warning:  Illegal offset type in /home/ubuntu/workspace/Labs/Lab3/index.php on line 88
[26-Feb-2018 02:21:24 UTC] PHP Stack trace:
[26-Feb-2018 02:21:24 UTC] PHP   1. {main}() /home/ubuntu/workspace/Labs/Lab3/index.php:0
[26-Feb-2018 02:27:58 UTC] PHP Parse error:  syntax error, unexpected '<' in /home/ubuntu/workspace/Labs/Lab3/index.php on line 86
[26-Feb-2018 03:02:23 UTC] PHP Warning:  Cannot use a scalar value as an array in /home/ubuntu/workspace/Labs/Lab3/index.php on line 74
[26-Feb-2018 03:02:23 UTC] PHP Stack trace:
[26-Feb-2018 03:02:23 UTC] PHP   1. {main}() /home/ubuntu/workspace/Labs/Lab3/index.php:0
[26-Feb-2018 03:02:23 UTC] PHP   2. getHand() /home/ubuntu/workspace/Labs/Lab3/index.php:88
[26-Feb-2018 03:02:39 UTC] PHP Warning:  Cannot use a scalar value as an array in /home/ubuntu/workspace/Labs/Lab3/index.php on line 74
[26-Feb-2018 03:02:39 UTC] PHP Stack trace:
[26-Feb-2018 03:02:39 UTC] PHP   1. {main}() /home/ubuntu/workspace/Labs/Lab3/index.php:0
[26-Feb-2018 03:02:39 UTC] PHP   2. getHand() /home/ubuntu/workspace/Labs/Lab3/index.php:88
[26-Feb-2018 03:02:40 UTC] PHP Warning:  Cannot use a scalar value as an array in /home/ubuntu/workspace/Labs/Lab3/index.php on line 74
[26-Feb-2018 03:02:40 UTC] PHP Stack trace:
[26-Feb-2018 03:02:40 UTC] PHP   1. {main}() /home/ubuntu/workspace/Labs/Lab3/index.php:0
[26-Feb-2018 03:02:40 UTC] PHP   2. getHand() /home/ubuntu/workspace/Labs/Lab3/index.php:88
[26-Feb-2018 03:02:41 UTC] PHP Warning:  Cannot use a scalar value as an array in /home/ubuntu/workspace/Labs/Lab3/index.php on line 74
[26-Feb-2018 03:02:41 UTC] PHP Stack trace:
[26-Feb-2018 03:02:41 UTC] PHP   1. {main}() /home/ubuntu/workspace/Labs/Lab3/index.php:0
[26-Feb-2018 03:02:41 UTC] PHP   2. getHand() /home/ubuntu/workspace/Labs/Lab3/index.php:88
[26-Feb-2018 03:27:53 UTC] PHP Parse error:  syntax error, unexpected 'Chris' (T_STRING), expecting ',' or ';' in /home/ubuntu/workspace/Labs/Lab3/index.php on line 85
[26-Feb-2018 03:28:20 UTC] PHP Parse error:  syntax error, unexpected '"', expecting ',' or ';' in /home/ubuntu/workspace/Labs/Lab3/index.php on line 85
[26-Feb-2018 03:28:21 UTC] PHP Parse error:  syntax error, unexpected '"', expecting ',' or ';' in /home/ubuntu/workspace/Labs/Lab3/index.php on line 85
[26-Feb-2018 03:28:45 UTC] PHP Parse error:  syntax error, unexpected '';' (T_CONSTANT_ENCAPSED_STRING), expecting ',' or ';' in /home/ubuntu/workspace/Labs/Lab3/index.php on line 86
[26-Feb-2018 03:28:47 UTC] PHP Parse error:  syntax error, unexpected '';' (T_CONSTANT_ENCAPSED_STRING), expecting ',' or ';' in /home/ubuntu/workspace/Labs/Lab3/index.php on line 86
[26-Feb-2018 03:31:48 UTC] PHP Parse error:  syntax error, unexpected '/' in /home/ubuntu/workspace/Labs/Lab3/index.php on line 86
[26-Feb-2018 03:31:50 UTC] PHP Parse error:  syntax error, unexpected '/' in /home/ubuntu/workspace/Labs/Lab3/index.php on line 86
[26-Feb-2018 03:53:17 UTC] PHP Parse error:  syntax error, unexpected 'pic' (T_STRING), expecting ',' or ';' in /home/ubuntu/workspace/Labs/Lab3/index.php on line 101
[26-Feb-2018 18:53:42 UTC] PHP Warning:  Invalid argument supplied for foreach() in /home/ubuntu/workspace/Labs/Lab3/index.php on line 96
[26-Feb-2018 18:53:42 UTC] PHP Stack trace:
[26-Feb-2018 18:53:42 UTC] PHP   1. {main}() /home/ubuntu/workspace/Labs/Lab3/index.php:0
[26-Feb-2018 18:53:42 UTC] PHP Warning:  Invalid argument supplied for foreach() in /home/ubuntu/workspace/Labs/Lab3/index.php on line 96
[26-Feb-2018 18:53:42 UTC] PHP Stack trace:
[26-Feb-2018 18:53:42 UTC] PHP   1. {main}() /home/ubuntu/workspace/Labs/Lab3/index.php:0
[26-Feb-2018 18:53:42 UTC] PHP Warning:  Invalid argument supplied for foreach() in /home/ubuntu/workspace/Labs/Lab3/index.php on line 96
[26-Feb-2018 18:53:42 UTC] PHP Stack trace:
[26-Feb-2018 18:53:42 UTC] PHP   1. {main}() /home/ubuntu/workspace/Labs/Lab3/index.php:0
[26-Feb-2018 18:53:42 UTC] PHP Warning:  Invalid argument supplied for foreach() in /home/ubuntu/workspace/Labs/Lab3/index.php on line 96
[26-Feb-2018 18:53:42 UTC] PHP Stack trace:
[26-Feb-2018 18:53:42 UTC] PHP   1. {main}() /home/ubuntu/workspace/Labs/Lab3/index.php:0
[26-Feb-2018 18:53:42 UTC] PHP Warning:  Invalid argument supplied for foreach() in /home/ubuntu/workspace/Labs/Lab3/index.php on line 96
[26-Feb-2018 18:53:42 UTC] PHP Stack trace:
[26-Feb-2018 18:53:42 UTC] PHP   1. {main}() /home/ubuntu/workspace/Labs/Lab3/index.php:0
[26-Feb-2018 18:53:42 UTC] PHP Warning:  Invalid argument supplied for foreach() in /home/ubuntu/workspace/Labs/Lab3/index.php on line 96
[26-Feb-2018 18:53:42 UTC] PHP Stack trace:
[26-Feb-2018 18:53:42 UTC] PHP   1. {main}() /home/ubuntu/workspace/Labs/Lab3/index.php:0
[26-Feb-2018 18:53:42 UTC] PHP Warning:  Invalid argument supplied for foreach() in /home/ubuntu/workspace/Labs/Lab3/index.php on line 96
[26-Feb-2018 18:53:42 UTC] PHP Stack trace:
[26-Feb-2018 18:53:42 UTC] PHP   1. {main}() /home/ubuntu/workspace/Labs/Lab3/index.php:0
[26-Feb-2018 18:53:42 UTC] PHP Warning:  Invalid argument supplied for foreach() in /home/ubuntu/workspace/Labs/Lab3/index.php on line 96
[26-Feb-2018 18:53:42 UTC] PHP Stack trace:
[26-Feb-2018 18:53:42 UTC] PHP   1. {main}() /home/ubuntu/workspace/Labs/Lab3/index.php:0
[26-Feb-2018 18:54:15 UTC] PHP Warning:  Invalid argument supplied for foreach() in /home/ubuntu/workspace/Labs/Lab3/index.php on line 96
[26-Feb-2018 18:54:15 UTC] PHP Stack trace:
[26-Feb-2018 18:54:15 UTC] PHP   1. {main}() /home/ubuntu/workspace/Labs/Lab3/index.php:0
[26-Feb-2018 18:54:15 UTC] PHP Warning:  Invalid argument supplied for foreach() in /home/ubuntu/workspace/Labs/Lab3/index.php on line 96
[26-Feb-2018 18:54:15 UTC] PHP Stack trace:
[26-Feb-2018 18:54:15 UTC] PHP   1. {main}() /home/ubuntu/workspace/Labs/Lab3/index.php:0
[26-Feb-2018 18:54:15 UTC] PHP Warning:  Invalid argument supplied for foreach() in /home/ubuntu/workspace/Labs/Lab3/index.php on line 96
[26-Feb-2018 18:54:15 UTC] PHP Stack trace:
[26-Feb-2018 18:54:15 UTC] PHP   1. {main}() /home/ubuntu/workspace/Labs/Lab3/index.php:0
[26-Feb-2018 18:54:15 UTC] PHP Warning:  Invalid argument supplied for foreach() in /home/ubuntu/workspace/Labs/Lab3/index.php on line 96
[26-Feb-2018 18:54:15 UTC] PHP Stack trace:
[26-Feb-2018 18:54:15 UTC] PHP   1. {main}() /home/ubuntu/workspace/Labs/Lab3/index.php:0
[26-Feb-2018 18:54:16 UTC] PHP Warning:  Invalid argument supplied for foreach() in /home/ubuntu/workspace/Labs/Lab3/index.php on line 96
[26-Feb-2018 18:54:16 UTC] PHP Stack trace:
[26-Feb-2018 18:54:16 UTC] PHP   1. {main}() /home/ubuntu/workspace/Labs/Lab3/index.php:0
[26-Feb-2018 18:54:16 UTC] PHP Warning:  Invalid argument supplied for foreach() in /home/ubuntu/workspace/Labs/Lab3/index.php on line 96
[26-Feb-2018 18:54:16 UTC] PHP Stack trace:
[26-Feb-2018 18:54:16 UTC] PHP   1. {main}() /home/ubuntu/workspace/Labs/Lab3/index.php:0
[26-Feb-2018 18:54:16 UTC] PHP Warning:  Invalid argument supplied for foreach() in /home/ubuntu/workspace/Labs/Lab3/index.php on line 96
[26-Feb-2018 18:54:16 UTC] PHP Stack trace:
[26-Feb-2018 18:54:16 UTC] PHP   1. {main}() /home/ubuntu/workspace/Labs/Lab3/index.php:0
[26-Feb-2018 18:54:16 UTC] PHP Warning:  Invalid argument supplied for foreach() in /home/ubuntu/workspace/Labs/Lab3/index.php on line 96
[26-Feb-2018 18:54:16 UTC] PHP Stack trace:
[26-Feb-2018 18:54:16 UTC] PHP   1. {main}() /home/ubuntu/workspace/Labs/Lab3/index.php:0
[26-Feb-2018 18:55:00 UTC] PHP Warning:  Invalid argument supplied for foreach() in /home/ubuntu/workspace/Labs/Lab3/index.php on line 96
[26-Feb-2018 18:55:00 UTC] PHP Stack trace:
[26-Feb-2018 18:55:00 UTC] PHP   1. {main}() /home/ubuntu/workspace/Labs/Lab3/index.php:0
[26-Feb-2018 18:55:00 UTC] PHP Warning:  Invalid argument supplied for foreach() in /home/ubuntu/workspace/Labs/Lab3/index.php on line 96
[26-Feb-2018 18:55:00 UTC] PHP Stack trace:
[26-Feb-2018 18:55:00 UTC] PHP   1. {main}() /home/ubuntu/workspace/Labs/Lab3/index.php:0
[26-Feb-2018 18:55:00 UTC] PHP Warning:  Invalid argument supplied for foreach() in /home/ubuntu/workspace/Labs/Lab3/index.php on line 96
[26-Feb-2018 18:55:00 UTC] PHP Stack trace:
[26-Feb-2018 18:55:00 UTC] PHP   1. {main}() /home/ubuntu/workspace/Labs/Lab3/index.php:0
[26-Feb-2018 18:55:00 UTC] PHP Warning:  Invalid argument supplied for foreach() in /home/ubuntu/workspace/Labs/Lab3/index.php on line 96
[26-Feb-2018 18:55:00 UTC] PHP Stack trace:
[26-Feb-2018 18:55:00 UTC] PHP   1. {main}() /home/ubuntu/workspace/Labs/Lab3/index.php:0
[26-Feb-2018 18:55:00 UTC] PHP Warning:  Invalid argument supplied for foreach() in /home/ubuntu/workspace/Labs/Lab3/index.php on line 96
[26-Feb-2018 18:55:00 UTC] PHP Stack trace:
[26-Feb-2018 18:55:00 UTC] PHP   1. {main}() /home/ubuntu/workspace/Labs/Lab3/index.php:0
[26-Feb-2018 18:55:00 UTC] PHP Warning:  Invalid argument supplied for foreach() in /home/ubuntu/workspace/Labs/Lab3/index.php on line 96
[26-Feb-2018 18:55:00 UTC] PHP Stack trace:
[26-Feb-2018 18:55:00 UTC] PHP   1. {main}() /home/ubuntu/workspace/Labs/Lab3/index.php:0
[26-Feb-2018 18:55:00 UTC] PHP Warning:  Invalid argument supplied for foreach() in /home/ubuntu/workspace/Labs/Lab3/index.php on line 96
[26-Feb-2018 18:55:00 UTC] PHP Stack trace:
[26-Feb-2018 18:55:00 UTC] PHP   1. {main}() /home/ubuntu/workspace/Labs/Lab3/index.php:0
[26-Feb-2018 18:55:00 UTC] PHP Warning:  Invalid argument supplied for foreach() in /home/ubuntu/workspace/Labs/Lab3/index.php on line 96
[26-Feb-2018 18:55:00 UTC] PHP Stack trace:
[26-Feb-2018 18:55:00 UTC] PHP   1. {main}() /home/ubuntu/workspace/Labs/Lab3/index.php:0
[26-Feb-2018 18:56:19 UTC] PHP Warning:  Invalid argument supplied for foreach() in /home/ubuntu/workspace/Labs/Lab3/index.php on line 97
[26-Feb-2018 18:56:19 UTC] PHP Stack trace:
[26-Feb-2018 18:56:19 UTC] PHP   1. {main}() /home/ubuntu/workspace/Labs/Lab3/index.php:0
[26-Feb-2018 18:56:19 UTC] PHP Warning:  Invalid argument supplied for foreach() in /home/ubuntu/workspace/Labs/Lab3/index.php on line 97
[26-Feb-2018 18:56:19 UTC] PHP Stack trace:
[26-Feb-2018 18:56:19 UTC] PHP   1. {main}() /home/ubuntu/workspace/Labs/Lab3/index.php:0
[26-Feb-2018 18:56:19 UTC] PHP Warning:  Invalid argument supplied for foreach() in /home/ubuntu/workspace/Labs/Lab3/index.php on line 97
[26-Feb-2018 18:56:19 UTC] PHP Stack trace:
[26-Feb-2018 18:56:19 UTC] PHP   1. {main}() /home/ubuntu/workspace/Labs/Lab3/index.php:0
[26-Feb-2018 18:56:19 UTC] PHP Warning:  Invalid argument supplied for foreach() in /home/ubuntu/workspace/Labs/Lab3/index.php on line 97
[26-Feb-2018 18:56:19 UTC] PHP Stack trace:
[26-Feb-2018 18:56:19 UTC] PHP   1. {main}() /home/ubuntu/workspace/Labs/Lab3/index.php:0
[26-Feb-2018 18:56:19 UTC] PHP Warning:  Invalid argument supplied for foreach() in /home/ubuntu/workspace/Labs/Lab3/index.php on line 97
[26-Feb-2018 18:56:19 UTC] PHP Stack trace:
[26-Feb-2018 18:56:19 UTC] PHP   1. {main}() /home/ubuntu/workspace/Labs/Lab3/index.php:0
[26-Feb-2018 18:56:19 UTC] PHP Warning:  Invalid argument supplied for foreach() in /home/ubuntu/workspace/Labs/Lab3/index.php on line 97
[26-Feb-2018 18:56:19 UTC] PHP Stack trace:
[26-Feb-2018 18:56:19 UTC] PHP   1. {main}() /home/ubuntu/workspace/Labs/Lab3/index.php:0
[26-Feb-2018 18:56:19 UTC] PHP Warning:  Invalid argument supplied for foreach() in /home/ubuntu/workspace/Labs/Lab3/index.php on line 97
[26-Feb-2018 18:56:19 UTC] PHP Stack trace:
[26-Feb-2018 18:56:19 UTC] PHP   1. {main}() /home/ubuntu/workspace/Labs/Lab3/index.php:0
[26-Feb-2018 18:56:19 UTC] PHP Warning:  Invalid argument supplied for foreach() in /home/ubuntu/workspace/Labs/Lab3/index.php on line 97
[26-Feb-2018 18:56:19 UTC] PHP Stack trace:
[26-Feb-2018 18:56:19 UTC] PHP   1. {main}() /home/ubuntu/workspace/Labs/Lab3/index.php:0
[26-Feb-2018 18:56:42 UTC] PHP Warning:  Invalid argument supplied for foreach() in /home/ubuntu/workspace/Labs/Lab3/index.php on line 97
[26-Feb-2018 18:56:42 UTC] PHP Stack trace:
[26-Feb-2018 18:56:42 UTC] PHP   1. {main}() /home/ubuntu/workspace/Labs/Lab3/index.php:0
[26-Feb-2018 18:56:42 UTC] PHP Warning:  Invalid argument supplied for foreach() in /home/ubuntu/workspace/Labs/Lab3/index.php on line 97
[26-Feb-2018 18:56:42 UTC] PHP Stack trace:
[26-Feb-2018 18:56:42 UTC] PHP   1. {main}() /home/ubuntu/workspace/Labs/Lab3/index.php:0
[26-Feb-2018 18:56:42 UTC] PHP Warning:  Invalid argument supplied for foreach() in /home/ubuntu/workspace/Labs/Lab3/index.php on line 97
[26-Feb-2018 18:56:42 UTC] PHP Stack trace:
[26-Feb-2018 18:56:42 UTC] PHP   1. {main}() /home/ubuntu/workspace/Labs/Lab3/index.php:0
[26-Feb-2018 18:56:42 UTC] PHP Warning:  Invalid argument supplied for foreach() in /home/ubuntu/workspace/Labs/Lab3/index.php on line 97
[26-Feb-2018 18:56:42 UTC] PHP Stack trace:
[26-Feb-2018 18:56:42 UTC] PHP   1. {main}() /home/ubuntu/workspace/Labs/Lab3/index.php:0
[26-Feb-2018 18:56:42 UTC] PHP Warning:  Invalid argument supplied for foreach() in /home/ubuntu/workspace/Labs/Lab3/index.php on line 97
[26-Feb-2018 18:56:42 UTC] PHP Stack trace:
[26-Feb-2018 18:56:42 UTC] PHP   1. {main}() /home/ubuntu/workspace/Labs/Lab3/index.php:0
[26-Feb-2018 18:56:42 UTC] PHP Warning:  Invalid argument supplied for foreach() in /home/ubuntu/workspace/Labs/Lab3/index.php on line 97
[26-Feb-2018 18:56:42 UTC] PHP Stack trace:
[26-Feb-2018 18:56:42 UTC] PHP   1. {main}() /home/ubuntu/workspace/Labs/Lab3/index.php:0
[26-Feb-2018 18:56:42 UTC] PHP Warning:  Invalid argument supplied for foreach() in /home/ubuntu/workspace/Labs/Lab3/index.php on line 97
[26-Feb-2018 18:56:42 UTC] PHP Stack trace:
[26-Feb-2018 18:56:42 UTC] PHP   1. {main}() /home/ubuntu/workspace/Labs/Lab3/index.php:0
[26-Feb-2018 18:56:42 UTC] PHP Warning:  Invalid argument supplied for foreach() in /home/ubuntu/workspace/Labs/Lab3/index.php on line 97
[26-Feb-2018 18:56:42 UTC] PHP Stack trace:
[26-Feb-2018 18:56:42 UTC] PHP   1. {main}() /home/ubuntu/workspace/Labs/Lab3/index.php:0
[26-Feb-2018 18:56:50 UTC] PHP Warning:  Invalid argument supplied for foreach() in /home/ubuntu/workspace/Labs/Lab3/index.php on line 97
[26-Feb-2018 18:56:50 UTC] PHP Stack trace:
[26-Feb-2018 18:56:50 UTC] PHP   1. {main}() /home/ubuntu/workspace/Labs/Lab3/index.php:0
[26-Feb-2018 18:56:50 UTC] PHP Warning:  Invalid argument supplied for foreach() in /home/ubuntu/workspace/Labs/Lab3/index.php on line 97
[26-Feb-2018 18:56:50 UTC] PHP Stack trace:
[26-Feb-2018 18:56:50 UTC] PHP   1. {main}() /home/ubuntu/workspace/Labs/Lab3/index.php:0
[26-Feb-2018 18:56:50 UTC] PHP Warning:  Invalid argument supplied for foreach() in /home/ubuntu/workspace/Labs/Lab3/index.php on line 97
[26-Feb-2018 18:56:50 UTC] PHP Stack trace:
[26-Feb-2018 18:56:50 UTC] PHP   1. {main}() /home/ubuntu/workspace/Labs/Lab3/index.php:0
[26-Feb-2018 18:56:50 UTC] PHP Warning:  Invalid argument supplied for foreach() in /home/ubuntu/workspace/Labs/Lab3/index.php on line 97
[26-Feb-2018 18:56:50 UTC] PHP Stack trace:
[26-Feb-2018 18:56:50 UTC] PHP   1. {main}() /home/ubuntu/workspace/Labs/Lab3/index.php:0
[26-Feb-2018 18:56:50 UTC] PHP Warning:  Invalid argument supplied for foreach() in /home/ubuntu/workspace/Labs/Lab3/index.php on line 97
[26-Feb-2018 18:56:50 UTC] PHP Stack trace:
[26-Feb-2018 18:56:50 UTC] PHP   1. {main}() /home/ubuntu/workspace/Labs/Lab3/index.php:0
[26-Feb-2018 18:56:50 UTC] PHP Warning:  Invalid argument supplied for foreach() in /home/ubuntu/workspace/Labs/Lab3/index.php on line 97
[26-Feb-2018 18:56:50 UTC] PHP Stack trace:
[26-Feb-2018 18:56:50 UTC] PHP   1. {main}() /home/ubuntu/workspace/Labs/Lab3/index.php:0
[26-Feb-2018 18:56:50 UTC] PHP Warning:  Invalid argument supplied for foreach() in /home/ubuntu/workspace/Labs/Lab3/index.php on line 97
[26-Feb-2018 18:56:50 UTC] PHP Stack trace:
[26-Feb-2018 18:56:50 UTC] PHP   1. {main}() /home/ubuntu/workspace/Labs/Lab3/index.php:0
[26-Feb-2018 18:56:50 UTC] PHP Warning:  Invalid argument supplied for foreach() in /home/ubuntu/workspace/Labs/Lab3/index.php on line 97
[26-Feb-2018 18:56:50 UTC] PHP Stack trace:
[26-Feb-2018 18:56:50 UTC] PHP   1. {main}() /home/ubuntu/workspace/Labs/Lab3/index.php:0
